Defined parameters (per moses.ini or switch):
	config: /home/hgkumbhare/working/train/model/moses-tuned.ini 
	cube-pruning-pop-limit: 1000 
	feature: UnknownWordPenalty WordPenalty PhrasePenalty PhraseDictionaryMemory name=TranslationModel0 num-features=4 path=/home/hgkumbhare/working/train/model/rule-table.gz input-factor=0 output-factor=0 PhraseDictionaryMemory name=TranslationModel1 num-features=1 path=/home/hgkumbhare/working/train/model/glue-grammar input-factor=0 output-factor=0 tuneable=true KENLM name=LM0 factor=0 path=/home/hgkumbhare/lm/nl_file.blm.en order=3 
	input-factors: 0 
	inputtype: 3 
	mapping: 0 T 0 1 T 1 
	max-chart-span: 20 1000 
	non-terminals: X 
	search-algorithm: 3 
line=UnknownWordPenalty
FeatureFunction: UnknownWordPenalty0 start: 0 end: 0
line=WordPenalty
FeatureFunction: WordPenalty0 start: 1 end: 1
line=PhrasePenalty
FeatureFunction: PhrasePenalty0 start: 2 end: 2
line=PhraseDictionaryMemory name=TranslationModel0 num-features=4 path=/home/hgkumbhare/working/train/model/rule-table.gz input-factor=0 output-factor=0
FeatureFunction: TranslationModel0 start: 3 end: 6
line=PhraseDictionaryMemory name=TranslationModel1 num-features=1 path=/home/hgkumbhare/working/train/model/glue-grammar input-factor=0 output-factor=0 tuneable=true
FeatureFunction: TranslationModel1 start: 7 end: 7
line=KENLM name=LM0 factor=0 path=/home/hgkumbhare/lm/nl_file.blm.en order=3
FeatureFunction: LM0 start: 8 end: 8
Loading UnknownWordPenalty0
Loading WordPenalty0
Loading PhrasePenalty0
Loading LM0
Loading TranslationModel0
Start loading text phrase table. Moses format : [0.001] seconds
Reading /home/hgkumbhare/working/train/model/rule-table.gz
----5---10---15---20---25---30---35---40---45---50---55---60---65---70---75---80---85---90---95--100
****************************************************************************************************
Loading TranslationModel1
Start loading text phrase table. Moses format : [0.001] seconds
Reading /home/hgkumbhare/working/train/model/glue-grammar
----5---10---15---20---25---30---35---40---45---50---55---60---65---70---75---80---85---90---95--100
****************************************************************************************************
max-chart-span: 20
max-chart-span: 1000
Created input-output object : [0.002] seconds
Line 0: Initialize search took 0.000 seconds total
Translating: <s> Fresh photographs will be required to be obtained from minor customer on becoming major. </s>  ||| [0,0]=X (1) [0,1]=X (1) [0,2]=X (1) [0,3]=X (1) [0,4]=X (1) [0,5]=X (1) [0,6]=X (1) [0,7]=X (1) [0,8]=X (1) [0,9]=X (1) [0,10]=X (1) [0,11]=X (1) [0,12]=X (1) [0,13]=X (1) [0,14]=X (1) [0,15]=X (1) [1,1]=X (1) [1,2]=X (1) [1,3]=X (1) [1,4]=X (1) [1,5]=X (1) [1,6]=X (1) [1,7]=X (1) [1,8]=X (1) [1,9]=X (1) [1,10]=X (1) [1,11]=X (1) [1,12]=X (1) [1,13]=X (1) [1,14]=X (1) [1,15]=X (1) [2,2]=X (1) [2,3]=X (1) [2,4]=X (1) [2,5]=X (1) [2,6]=X (1) [2,7]=X (1) [2,8]=X (1) [2,9]=X (1) [2,10]=X (1) [2,11]=X (1) [2,12]=X (1) [2,13]=X (1) [2,14]=X (1) [2,15]=X (1) [3,3]=X (1) [3,4]=X (1) [3,5]=X (1) [3,6]=X (1) [3,7]=X (1) [3,8]=X (1) [3,9]=X (1) [3,10]=X (1) [3,11]=X (1) [3,12]=X (1) [3,13]=X (1) [3,14]=X (1) [3,15]=X (1) [4,4]=X (1) [4,5]=X (1) [4,6]=X (1) [4,7]=X (1) [4,8]=X (1) [4,9]=X (1) [4,10]=X (1) [4,11]=X (1) [4,12]=X (1) [4,13]=X (1) [4,14]=X (1) [4,15]=X (1) [5,5]=X (1) [5,6]=X (1) [5,7]=X (1) [5,8]=X (1) [5,9]=X (1) [5,10]=X (1) [5,11]=X (1) [5,12]=X (1) [5,13]=X (1) [5,14]=X (1) [5,15]=X (1) [6,6]=X (1) [6,7]=X (1) [6,8]=X (1) [6,9]=X (1) [6,10]=X (1) [6,11]=X (1) [6,12]=X (1) [6,13]=X (1) [6,14]=X (1) [6,15]=X (1) [7,7]=X (1) [7,8]=X (1) [7,9]=X (1) [7,10]=X (1) [7,11]=X (1) [7,12]=X (1) [7,13]=X (1) [7,14]=X (1) [7,15]=X (1) [8,8]=X (1) [8,9]=X (1) [8,10]=X (1) [8,11]=X (1) [8,12]=X (1) [8,13]=X (1) [8,14]=X (1) [8,15]=X (1) [9,9]=X (1) [9,10]=X (1) [9,11]=X (1) [9,12]=X (1) [9,13]=X (1) [9,14]=X (1) [9,15]=X (1) [10,10]=X (1) [10,11]=X (1) [10,12]=X (1) [10,13]=X (1) [10,14]=X (1) [10,15]=X (1) [11,11]=X (1) [11,12]=X (1) [11,13]=X (1) [11,14]=X (1) [11,15]=X (1) [12,12]=X (1) [12,13]=X (1) [12,14]=X (1) [12,15]=X (1) [13,13]=X (1) [13,14]=X (1) [13,15]=X (1) [14,14]=X (1) [14,15]=X (1) [15,15]=X (1) 

  0   1   2   3   4   5   6   7   8   9  10  11  12  13  14  15 
  1   1   1   1   1   1   1   1   1   1   1   1   1   1   1   0 
    1   0   0   1   1   0   1   1   0   0   0   1   0   0   0 
      1   0   0   1   0   0   0   0   0   0   0   0   0   0 
        1   0   0   0   0   0   0   0   0   0   0   0   0 
          1   0   0   0   0   0   0   0   0   0   0   0 
            1   0   0   0   0   0   0   0   0   0   0 
              1   0   0   0   0   0   0   0   0   0 
                1   0   0   0   0   0   0   0   0 
                  1   0   0   0   0   0   0   0 
                    1   0   0   0   0   0   0 
                      1   0   0   0   0   0 
                        1   0   0   0   0 
                          1   0   0   0 
                            1   0   0 
                              1   0 
                                1 
BEST TRANSLATION: 45 S  -> S </s> :0-0 : term=1-1 : nonterm=0-0 : c=-4.448 core=(0.000,-1.000,1.000,0.000,0.000,0.000,0.000,0.000,-4.448)  [0..15] 44 [total=-820.258] core=(-800.000,-16.000,30.000,0.000,0.000,0.000,0.000,13.999,-48.256) 
Line 0: Additional reporting took 0.001 seconds total
Line 0: Translation took 0.009 seconds total
Translation took 0.009 seconds
Line 1: Initialize search took 0.001 seconds total
Translating: <s> Such review of risk categorisation of customers should be carried out at a periodicity of not less than once in 6 months. </s>  ||| [0,0]=X (1) [0,1]=X (1) [0,2]=X (1) [0,3]=X (1) [0,4]=X (1) [0,5]=X (1) [0,6]=X (1) [0,7]=X (1) [0,8]=X (1) [0,9]=X (1) [0,10]=X (1) [0,11]=X (1) [0,12]=X (1) [0,13]=X (1) [0,14]=X (1) [0,15]=X (1) [0,16]=X (1) [0,17]=X (1) [0,18]=X (1) [0,19]=X (1) [0,20]=X (1) [0,21]=X (1) [0,22]=X (1) [0,23]=X (1) [1,1]=X (1) [1,2]=X (1) [1,3]=X (1) [1,4]=X (1) [1,5]=X (1) [1,6]=X (1) [1,7]=X (1) [1,8]=X (1) [1,9]=X (1) [1,10]=X (1) [1,11]=X (1) [1,12]=X (1) [1,13]=X (1) [1,14]=X (1) [1,15]=X (1) [1,16]=X (1) [1,17]=X (1) [1,18]=X (1) [1,19]=X (1) [1,20]=X (1) [1,21]=X (1) [1,22]=X (1) [1,23]=X (1) [2,2]=X (1) [2,3]=X (1) [2,4]=X (1) [2,5]=X (1) [2,6]=X (1) [2,7]=X (1) [2,8]=X (1) [2,9]=X (1) [2,10]=X (1) [2,11]=X (1) [2,12]=X (1) [2,13]=X (1) [2,14]=X (1) [2,15]=X (1) [2,16]=X (1) [2,17]=X (1) [2,18]=X (1) [2,19]=X (1) [2,20]=X (1) [2,21]=X (1) [2,22]=X (1) [2,23]=X (1) [3,3]=X (1) [3,4]=X (1) [3,5]=X (1) [3,6]=X (1) [3,7]=X (1) [3,8]=X (1) [3,9]=X (1) [3,10]=X (1) [3,11]=X (1) [3,12]=X (1) [3,13]=X (1) [3,14]=X (1) [3,15]=X (1) [3,16]=X (1) [3,17]=X (1) [3,18]=X (1) [3,19]=X (1) [3,20]=X (1) [3,21]=X (1) [3,22]=X (1) [3,23]=X (1) [4,4]=X (1) [4,5]=X (1) [4,6]=X (1) [4,7]=X (1) [4,8]=X (1) [4,9]=X (1) [4,10]=X (1) [4,11]=X (1) [4,12]=X (1) [4,13]=X (1) [4,14]=X (1) [4,15]=X (1) [4,16]=X (1) [4,17]=X (1) [4,18]=X (1) [4,19]=X (1) [4,20]=X (1) [4,21]=X (1) [4,22]=X (1) [4,23]=X (1) [5,5]=X (1) [5,6]=X (1) [5,7]=X (1) [5,8]=X (1) [5,9]=X (1) [5,10]=X (1) [5,11]=X (1) [5,12]=X (1) [5,13]=X (1) [5,14]=X (1) [5,15]=X (1) [5,16]=X (1) [5,17]=X (1) [5,18]=X (1) [5,19]=X (1) [5,20]=X (1) [5,21]=X (1) [5,22]=X (1) [5,23]=X (1) [6,6]=X (1) [6,7]=X (1) [6,8]=X (1) [6,9]=X (1) [6,10]=X (1) [6,11]=X (1) [6,12]=X (1) [6,13]=X (1) [6,14]=X (1) [6,15]=X (1) [6,16]=X (1) [6,17]=X (1) [6,18]=X (1) [6,19]=X (1) [6,20]=X (1) [6,21]=X (1) [6,22]=X (1) [6,23]=X (1) [7,7]=X (1) [7,8]=X (1) [7,9]=X (1) [7,10]=X (1) [7,11]=X (1) [7,12]=X (1) [7,13]=X (1) [7,14]=X (1) [7,15]=X (1) [7,16]=X (1) [7,17]=X (1) [7,18]=X (1) [7,19]=X (1) [7,20]=X (1) [7,21]=X (1) [7,22]=X (1) [7,23]=X (1) [8,8]=X (1) [8,9]=X (1) [8,10]=X (1) [8,11]=X (1) [8,12]=X (1) [8,13]=X (1) [8,14]=X (1) [8,15]=X (1) [8,16]=X (1) [8,17]=X (1) [8,18]=X (1) [8,19]=X (1) [8,20]=X (1) [8,21]=X (1) [8,22]=X (1) [8,23]=X (1) [9,9]=X (1) [9,10]=X (1) [9,11]=X (1) [9,12]=X (1) [9,13]=X (1) [9,14]=X (1) [9,15]=X (1) [9,16]=X (1) [9,17]=X (1) [9,18]=X (1) [9,19]=X (1) [9,20]=X (1) [9,21]=X (1) [9,22]=X (1) [9,23]=X (1) [10,10]=X (1) [10,11]=X (1) [10,12]=X (1) [10,13]=X (1) [10,14]=X (1) [10,15]=X (1) [10,16]=X (1) [10,17]=X (1) [10,18]=X (1) [10,19]=X (1) [10,20]=X (1) [10,21]=X (1) [10,22]=X (1) [10,23]=X (1) [11,11]=X (1) [11,12]=X (1) [11,13]=X (1) [11,14]=X (1) [11,15]=X (1) [11,16]=X (1) [11,17]=X (1) [11,18]=X (1) [11,19]=X (1) [11,20]=X (1) [11,21]=X (1) [11,22]=X (1) [11,23]=X (1) [12,12]=X (1) [12,13]=X (1) [12,14]=X (1) [12,15]=X (1) [12,16]=X (1) [12,17]=X (1) [12,18]=X (1) [12,19]=X (1) [12,20]=X (1) [12,21]=X (1) [12,22]=X (1) [12,23]=X (1) [13,13]=X (1) [13,14]=X (1) [13,15]=X (1) [13,16]=X (1) [13,17]=X (1) [13,18]=X (1) [13,19]=X (1) [13,20]=X (1) [13,21]=X (1) [13,22]=X (1) [13,23]=X (1) [14,14]=X (1) [14,15]=X (1) [14,16]=X (1) [14,17]=X (1) [14,18]=X (1) [14,19]=X (1) [14,20]=X (1) [14,21]=X (1) [14,22]=X (1) [14,23]=X (1) [15,15]=X (1) [15,16]=X (1) [15,17]=X (1) [15,18]=X (1) [15,19]=X (1) [15,20]=X (1) [15,21]=X (1) [15,22]=X (1) [15,23]=X (1) [16,16]=X (1) [16,17]=X (1) [16,18]=X (1) [16,19]=X (1) [16,20]=X (1) [16,21]=X (1) [16,22]=X (1) [16,23]=X (1) [17,17]=X (1) [17,18]=X (1) [17,19]=X (1) [17,20]=X (1) [17,21]=X (1) [17,22]=X (1) [17,23]=X (1) [18,18]=X (1) [18,19]=X (1) [18,20]=X (1) [18,21]=X (1) [18,22]=X (1) [18,23]=X (1) [19,19]=X (1) [19,20]=X (1) [19,21]=X (1) [19,22]=X (1) [19,23]=X (1) [20,20]=X (1) [20,21]=X (1) [20,22]=X (1) [20,23]=X (1) [21,21]=X (1) [21,22]=X (1) [21,23]=X (1) [22,22]=X (1) [22,23]=X (1) [23,23]=X (1) 

  0   1   2   3   4   5   6   7   8   9  10  11  12  13  14  15  16  17  18  19  20  21  22  23 
  1   1   1   1   1   1   1   1   1   1   1   1   1   1   1   1   1   1   1   1   1   1   1   0 
    1   0   0   0   0   0   0   1   1   1   0   0   0   0   1   0   0   0   0   0   0   0   0 
      1   0   0   0   0   0   0   1   1   0   0   0   0   0   0   0   0   0   0   0   0   0 
        1   0   0   0   0   0   0   1   0   0   0   0   0   0   0   0   0   0   0   0   0 
          1   0   0   0   0   0   0   0   0   0   0   0   0   0   0   0   0   0   0   0 
            1   0   0   0   0   0   0   0   0   0   0   0   0   0   0   0   0   0   0 
              1   0   0   0   0   0   0   0   0   0   0   0   0   0   0   0   0   0 
                1   0   0   0   0   0   0   0   0   0   0   0   0   0   0   0   0 
                  1   0   0   0   0   0   0   0   0   0   0   0   0   0   0   0 
                    1   0   0   0   0   0   0   0   0   0   0   0   0   0   0 
                      1   0   0   0   0   0   0   0   0   0   0   0   0   0 
                        1   0   0   0   0   0   0   0   0   0   0   0   0 
                          1   0   0   0   0   0   0   0   0   0   0   0 
                            1   0   0   0   0   0   0   0   0   0   0 
                              1   0   0   0   0   0   0   0   0   0 
                                2   0   0   0   0   0   0   0   0 
                                  1   0   0   0   0   0   0   0 
                                    1   0   0   0   0   0   0 
                                      1   0   0   0   0   0 
                                        1   0   0   0   0 
                                          1   0   0   0 
                                            1   0   0 
                                              1   0 
                                                1 
BEST TRANSLATION: 64 S  -> S </s> :0-0 : term=1-1 : nonterm=0-0 : c=-4.448 core=(0.000,-1.000,1.000,0.000,0.000,0.000,0.000,0.000,-4.448)  [0..23] 63 [total=-1251.906] core=(-1200.000,-25.000,46.000,0.000,0.000,0.000,-4.159,21.998,-90.745) 
Line 1: Additional reporting took 0.000 seconds total
Line 1: Translation took 0.009 seconds total
Translation took 0.009 seconds
Line 2: Initialize search took 0.001 seconds total
Translating: <s> The customer should be made aware that if at any point of time, the balances in all his/her accounts with the NBFC exceed 50000 rupees or total credit in the account exceeds 100000 rupees no further transactions will be permitted until the full KYC procedure is completed. </s>  ||| [0,0]=X (1) [0,1]=X (1) [0,2]=X (1) [0,3]=X (1) [0,4]=X (1) [0,5]=X (1) [0,6]=X (1) [0,7]=X (1) [0,8]=X (1) [0,9]=X (1) [0,10]=X (1) [0,11]=X (1) [0,12]=X (1) [0,13]=X (1) [0,14]=X (1) [0,15]=X (1) [0,16]=X (1) [0,17]=X (1) [0,18]=X (1) [0,19]=X (1) [0,20]=X (1) [0,21]=X (1) [0,22]=X (1) [0,23]=X (1) [0,24]=X (1) [0,25]=X (1) [0,26]=X (1) [0,27]=X (1) [0,28]=X (1) [0,29]=X (1) [0,30]=X (1) [0,31]=X (1) [0,32]=X (1) [0,33]=X (1) [0,34]=X (1) [0,35]=X (1) [0,36]=X (1) [0,37]=X (1) [0,38]=X (1) [0,39]=X (1) [0,40]=X (1) [0,41]=X (1) [0,42]=X (1) [0,43]=X (1) [0,44]=X (1) [0,45]=X (1) [0,46]=X (1) [0,47]=X (1) [0,48]=X (1) [1,1]=X (1) [1,2]=X (1) [1,3]=X (1) [1,4]=X (1) [1,5]=X (1) [1,6]=X (1) [1,7]=X (1) [1,8]=X (1) [1,9]=X (1) [1,10]=X (1) [1,11]=X (1) [1,12]=X (1) [1,13]=X (1) [1,14]=X (1) [1,15]=X (1) [1,16]=X (1) [1,17]=X (1) [1,18]=X (1) [1,19]=X (1) [1,20]=X (1) [1,21]=X (1) [1,22]=X (1) [1,23]=X (1) [1,24]=X (1) [1,25]=X (1) [1,26]=X (1) [1,27]=X (1) [1,28]=X (1) [1,29]=X (1) [1,30]=X (1) [1,31]=X (1) [1,32]=X (1) [1,33]=X (1) [1,34]=X (1) [1,35]=X (1) [1,36]=X (1) [1,37]=X (1) [1,38]=X (1) [1,39]=X (1) [1,40]=X (1) [1,41]=X (1) [1,42]=X (1) [1,43]=X (1) [1,44]=X (1) [1,45]=X (1) [1,46]=X (1) [1,47]=X (1) [1,48]=X (1) [2,2]=X (1) [2,3]=X (1) [2,4]=X (1) [2,5]=X (1) [2,6]=X (1) [2,7]=X (1) [2,8]=X (1) [2,9]=X (1) [2,10]=X (1) [2,11]=X (1) [2,12]=X (1) [2,13]=X (1) [2,14]=X (1) [2,15]=X (1) [2,16]=X (1) [2,17]=X (1) [2,18]=X (1) [2,19]=X (1) [2,20]=X (1) [2,21]=X (1) [2,22]=X (1) [2,23]=X (1) [2,24]=X (1) [2,25]=X (1) [2,26]=X (1) [2,27]=X (1) [2,28]=X (1) [2,29]=X (1) [2,30]=X (1) [2,31]=X (1) [2,32]=X (1) [2,33]=X (1) [2,34]=X (1) [2,35]=X (1) [2,36]=X (1) [2,37]=X (1) [2,38]=X (1) [2,39]=X (1) [2,40]=X (1) [2,41]=X (1) [2,42]=X (1) [2,43]=X (1) [2,44]=X (1) [2,45]=X (1) [2,46]=X (1) [2,47]=X (1) [2,48]=X (1) [3,3]=X (1) [3,4]=X (1) [3,5]=X (1) [3,6]=X (1) [3,7]=X (1) [3,8]=X (1) [3,9]=X (1) [3,10]=X (1) [3,11]=X (1) [3,12]=X (1) [3,13]=X (1) [3,14]=X (1) [3,15]=X (1) [3,16]=X (1) [3,17]=X (1) [3,18]=X (1) [3,19]=X (1) [3,20]=X (1) [3,21]=X (1) [3,22]=X (1) [3,23]=X (1) [3,24]=X (1) [3,25]=X (1) [3,26]=X (1) [3,27]=X (1) [3,28]=X (1) [3,29]=X (1) [3,30]=X (1) [3,31]=X (1) [3,32]=X (1) [3,33]=X (1) [3,34]=X (1) [3,35]=X (1) [3,36]=X (1) [3,37]=X (1) [3,38]=X (1) [3,39]=X (1) [3,40]=X (1) [3,41]=X (1) [3,42]=X (1) [3,43]=X (1) [3,44]=X (1) [3,45]=X (1) [3,46]=X (1) [3,47]=X (1) [3,48]=X (1) [4,4]=X (1) [4,5]=X (1) [4,6]=X (1) [4,7]=X (1) [4,8]=X (1) [4,9]=X (1) [4,10]=X (1) [4,11]=X (1) [4,12]=X (1) [4,13]=X (1) [4,14]=X (1) [4,15]=X (1) [4,16]=X (1) [4,17]=X (1) [4,18]=X (1) [4,19]=X (1) [4,20]=X (1) [4,21]=X (1) [4,22]=X (1) [4,23]=X (1) [4,24]=X (1) [4,25]=X (1) [4,26]=X (1) [4,27]=X (1) [4,28]=X (1) [4,29]=X (1) [4,30]=X (1) [4,31]=X (1) [4,32]=X (1) [4,33]=X (1) [4,34]=X (1) [4,35]=X (1) [4,36]=X (1) [4,37]=X (1) [4,38]=X (1) [4,39]=X (1) [4,40]=X (1) [4,41]=X (1) [4,42]=X (1) [4,43]=X (1) [4,44]=X (1) [4,45]=X (1) [4,46]=X (1) [4,47]=X (1) [4,48]=X (1) [5,5]=X (1) [5,6]=X (1) [5,7]=X (1) [5,8]=X (1) [5,9]=X (1) [5,10]=X (1) [5,11]=X (1) [5,12]=X (1) [5,13]=X (1) [5,14]=X (1) [5,15]=X (1) [5,16]=X (1) [5,17]=X (1) [5,18]=X (1) [5,19]=X (1) [5,20]=X (1) [5,21]=X (1) [5,22]=X (1) [5,23]=X (1) [5,24]=X (1) [5,25]=X (1) [5,26]=X (1) [5,27]=X (1) [5,28]=X (1) [5,29]=X (1) [5,30]=X (1) [5,31]=X (1) [5,32]=X (1) [5,33]=X (1) [5,34]=X (1) [5,35]=X (1) [5,36]=X (1) [5,37]=X (1) [5,38]=X (1) [5,39]=X (1) [5,40]=X (1) [5,41]=X (1) [5,42]=X (1) [5,43]=X (1) [5,44]=X (1) [5,45]=X (1) [5,46]=X (1) [5,47]=X (1) [5,48]=X (1) [6,6]=X (1) [6,7]=X (1) [6,8]=X (1) [6,9]=X (1) [6,10]=X (1) [6,11]=X (1) [6,12]=X (1) [6,13]=X (1) [6,14]=X (1) [6,15]=X (1) [6,16]=X (1) [6,17]=X (1) [6,18]=X (1) [6,19]=X (1) [6,20]=X (1) [6,21]=X (1) [6,22]=X (1) [6,23]=X (1) [6,24]=X (1) [6,25]=X (1) [6,26]=X (1) [6,27]=X (1) [6,28]=X (1) [6,29]=X (1) [6,30]=X (1) [6,31]=X (1) [6,32]=X (1) [6,33]=X (1) [6,34]=X (1) [6,35]=X (1) [6,36]=X (1) [6,37]=X (1) [6,38]=X (1) [6,39]=X (1) [6,40]=X (1) [6,41]=X (1) [6,42]=X (1) [6,43]=X (1) [6,44]=X (1) [6,45]=X (1) [6,46]=X (1) [6,47]=X (1) [6,48]=X (1) [7,7]=X (1) [7,8]=X (1) [7,9]=X (1) [7,10]=X (1) [7,11]=X (1) [7,12]=X (1) [7,13]=X (1) [7,14]=X (1) [7,15]=X (1) [7,16]=X (1) [7,17]=X (1) [7,18]=X (1) [7,19]=X (1) [7,20]=X (1) [7,21]=X (1) [7,22]=X (1) [7,23]=X (1) [7,24]=X (1) [7,25]=X (1) [7,26]=X (1) [7,27]=X (1) [7,28]=X (1) [7,29]=X (1) [7,30]=X (1) [7,31]=X (1) [7,32]=X (1) [7,33]=X (1) [7,34]=X (1) [7,35]=X (1) [7,36]=X (1) [7,37]=X (1) [7,38]=X (1) [7,39]=X (1) [7,40]=X (1) [7,41]=X (1) [7,42]=X (1) [7,43]=X (1) [7,44]=X (1) [7,45]=X (1) [7,46]=X (1) [7,47]=X (1) [7,48]=X (1) [8,8]=X (1) [8,9]=X (1) [8,10]=X (1) [8,11]=X (1) [8,12]=X (1) [8,13]=X (1) [8,14]=X (1) [8,15]=X (1) [8,16]=X (1) [8,17]=X (1) [8,18]=X (1) [8,19]=X (1) [8,20]=X (1) [8,21]=X (1) [8,22]=X (1) [8,23]=X (1) [8,24]=X (1) [8,25]=X (1) [8,26]=X (1) [8,27]=X (1) [8,28]=X (1) [8,29]=X (1) [8,30]=X (1) [8,31]=X (1) [8,32]=X (1) [8,33]=X (1) [8,34]=X (1) [8,35]=X (1) [8,36]=X (1) [8,37]=X (1) [8,38]=X (1) [8,39]=X (1) [8,40]=X (1) [8,41]=X (1) [8,42]=X (1) [8,43]=X (1) [8,44]=X (1) [8,45]=X (1) [8,46]=X (1) [8,47]=X (1) [8,48]=X (1) [9,9]=X (1) [9,10]=X (1) [9,11]=X (1) [9,12]=X (1) [9,13]=X (1) [9,14]=X (1) [9,15]=X (1) [9,16]=X (1) [9,17]=X (1) [9,18]=X (1) [9,19]=X (1) [9,20]=X (1) [9,21]=X (1) [9,22]=X (1) [9,23]=X (1) [9,24]=X (1) [9,25]=X (1) [9,26]=X (1) [9,27]=X (1) [9,28]=X (1) [9,29]=X (1) [9,30]=X (1) [9,31]=X (1) [9,32]=X (1) [9,33]=X (1) [9,34]=X (1) [9,35]=X (1) [9,36]=X (1) [9,37]=X (1) [9,38]=X (1) [9,39]=X (1) [9,40]=X (1) [9,41]=X (1) [9,42]=X (1) [9,43]=X (1) [9,44]=X (1) [9,45]=X (1) [9,46]=X (1) [9,47]=X (1) [9,48]=X (1) [10,10]=X (1) [10,11]=X (1) [10,12]=X (1) [10,13]=X (1) [10,14]=X (1) [10,15]=X (1) [10,16]=X (1) [10,17]=X (1) [10,18]=X (1) [10,19]=X (1) [10,20]=X (1) [10,21]=X (1) [10,22]=X (1) [10,23]=X (1) [10,24]=X (1) [10,25]=X (1) [10,26]=X (1) [10,27]=X (1) [10,28]=X (1) [10,29]=X (1) [10,30]=X (1) [10,31]=X (1) [10,32]=X (1) [10,33]=X (1) [10,34]=X (1) [10,35]=X (1) [10,36]=X (1) [10,37]=X (1) [10,38]=X (1) [10,39]=X (1) [10,40]=X (1) [10,41]=X (1) [10,42]=X (1) [10,43]=X (1) [10,44]=X (1) [10,45]=X (1) [10,46]=X (1) [10,47]=X (1) [10,48]=X (1) [11,11]=X (1) [11,12]=X (1) [11,13]=X (1) [11,14]=X (1) [11,15]=X (1) [11,16]=X (1) [11,17]=X (1) [11,18]=X (1) [11,19]=X (1) [11,20]=X (1) [11,21]=X (1) [11,22]=X (1) [11,23]=X (1) [11,24]=X (1) [11,25]=X (1) [11,26]=X (1) [11,27]=X (1) [11,28]=X (1) [11,29]=X (1) [11,30]=X (1) [11,31]=X (1) [11,32]=X (1) [11,33]=X (1) [11,34]=X (1) [11,35]=X (1) [11,36]=X (1) [11,37]=X (1) [11,38]=X (1) [11,39]=X (1) [11,40]=X (1) [11,41]=X (1) [11,42]=X (1) [11,43]=X (1) [11,44]=X (1) [11,45]=X (1) [11,46]=X (1) [11,47]=X (1) [11,48]=X (1) [12,12]=X (1) [12,13]=X (1) [12,14]=X (1) [12,15]=X (1) [12,16]=X (1) [12,17]=X (1) [12,18]=X (1) [12,19]=X (1) [12,20]=X (1) [12,21]=X (1) [12,22]=X (1) [12,23]=X (1) [12,24]=X (1) [12,25]=X (1) [12,26]=X (1) [12,27]=X (1) [12,28]=X (1) [12,29]=X (1) [12,30]=X (1) [12,31]=X (1) [12,32]=X (1) [12,33]=X (1) [12,34]=X (1) [12,35]=X (1) [12,36]=X (1) [12,37]=X (1) [12,38]=X (1) [12,39]=X (1) [12,40]=X (1) [12,41]=X (1) [12,42]=X (1) [12,43]=X (1) [12,44]=X (1) [12,45]=X (1) [12,46]=X (1) [12,47]=X (1) [12,48]=X (1) [13,13]=X (1) [13,14]=X (1) [13,15]=X (1) [13,16]=X (1) [13,17]=X (1) [13,18]=X (1) [13,19]=X (1) [13,20]=X (1) [13,21]=X (1) [13,22]=X (1) [13,23]=X (1) [13,24]=X (1) [13,25]=X (1) [13,26]=X (1) [13,27]=X (1) [13,28]=X (1) [13,29]=X (1) [13,30]=X (1) [13,31]=X (1) [13,32]=X (1) [13,33]=X (1) [13,34]=X (1) [13,35]=X (1) [13,36]=X (1) [13,37]=X (1) [13,38]=X (1) [13,39]=X (1) [13,40]=X (1) [13,41]=X (1) [13,42]=X (1) [13,43]=X (1) [13,44]=X (1) [13,45]=X (1) [13,46]=X (1) [13,47]=X (1) [13,48]=X (1) [14,14]=X (1) [14,15]=X (1) [14,16]=X (1) [14,17]=X (1) [14,18]=X (1) [14,19]=X (1) [14,20]=X (1) [14,21]=X (1) [14,22]=X (1) [14,23]=X (1) [14,24]=X (1) [14,25]=X (1) [14,26]=X (1) [14,27]=X (1) [14,28]=X (1) [14,29]=X (1) [14,30]=X (1) [14,31]=X (1) [14,32]=X (1) [14,33]=X (1) [14,34]=X (1) [14,35]=X (1) [14,36]=X (1) [14,37]=X (1) [14,38]=X (1) [14,39]=X (1) [14,40]=X (1) [14,41]=X (1) [14,42]=X (1) [14,43]=X (1) [14,44]=X (1) [14,45]=X (1) [14,46]=X (1) [14,47]=X (1) [14,48]=X (1) [15,15]=X (1) [15,16]=X (1) [15,17]=X (1) [15,18]=X (1) [15,19]=X (1) [15,20]=X (1) [15,21]=X (1) [15,22]=X (1) [15,23]=X (1) [15,24]=X (1) [15,25]=X (1) [15,26]=X (1) [15,27]=X (1) [15,28]=X (1) [15,29]=X (1) [15,30]=X (1) [15,31]=X (1) [15,32]=X (1) [15,33]=X (1) [15,34]=X (1) [15,35]=X (1) [15,36]=X (1) [15,37]=X (1) [15,38]=X (1) [15,39]=X (1) [15,40]=X (1) [15,41]=X (1) [15,42]=X (1) [15,43]=X (1) [15,44]=X (1) [15,45]=X (1) [15,46]=X (1) [15,47]=X (1) [15,48]=X (1) [16,16]=X (1) [16,17]=X (1) [16,18]=X (1) [16,19]=X (1) [16,20]=X (1) [16,21]=X (1) [16,22]=X (1) [16,23]=X (1) [16,24]=X (1) [16,25]=X (1) [16,26]=X (1) [16,27]=X (1) [16,28]=X (1) [16,29]=X (1) [16,30]=X (1) [16,31]=X (1) [16,32]=X (1) [16,33]=X (1) [16,34]=X (1) [16,35]=X (1) [16,36]=X (1) [16,37]=X (1) [16,38]=X (1) [16,39]=X (1) [16,40]=X (1) [16,41]=X (1) [16,42]=X (1) [16,43]=X (1) [16,44]=X (1) [16,45]=X (1) [16,46]=X (1) [16,47]=X (1) [16,48]=X (1) [17,17]=X (1) [17,18]=X (1) [17,19]=X (1) [17,20]=X (1) [17,21]=X (1) [17,22]=X (1) [17,23]=X (1) [17,24]=X (1) [17,25]=X (1) [17,26]=X (1) [17,27]=X (1) [17,28]=X (1) [17,29]=X (1) [17,30]=X (1) [17,31]=X (1) [17,32]=X (1) [17,33]=X (1) [17,34]=X (1) [17,35]=X (1) [17,36]=X (1) [17,37]=X (1) [17,38]=X (1) [17,39]=X (1) [17,40]=X (1) [17,41]=X (1) [17,42]=X (1) [17,43]=X (1) [17,44]=X (1) [17,45]=X (1) [17,46]=X (1) [17,47]=X (1) [17,48]=X (1) [18,18]=X (1) [18,19]=X (1) [18,20]=X (1) [18,21]=X (1) [18,22]=X (1) [18,23]=X (1) [18,24]=X (1) [18,25]=X (1) [18,26]=X (1) [18,27]=X (1) [18,28]=X (1) [18,29]=X (1) [18,30]=X (1) [18,31]=X (1) [18,32]=X (1) [18,33]=X (1) [18,34]=X (1) [18,35]=X (1) [18,36]=X (1) [18,37]=X (1) [18,38]=X (1) [18,39]=X (1) [18,40]=X (1) [18,41]=X (1) [18,42]=X (1) [18,43]=X (1) [18,44]=X (1) [18,45]=X (1) [18,46]=X (1) [18,47]=X (1) [18,48]=X (1) [19,19]=X (1) [19,20]=X (1) [19,21]=X (1) [19,22]=X (1) [19,23]=X (1) [19,24]=X (1) [19,25]=X (1) [19,26]=X (1) [19,27]=X (1) [19,28]=X (1) [19,29]=X (1) [19,30]=X (1) [19,31]=X (1) [19,32]=X (1) [19,33]=X (1) [19,34]=X (1) [19,35]=X (1) [19,36]=X (1) [19,37]=X (1) [19,38]=X (1) [19,39]=X (1) [19,40]=X (1) [19,41]=X (1) [19,42]=X (1) [19,43]=X (1) [19,44]=X (1) [19,45]=X (1) [19,46]=X (1) [19,47]=X (1) [19,48]=X (1) [20,20]=X (1) [20,21]=X (1) [20,22]=X (1) [20,23]=X (1) [20,24]=X (1) [20,25]=X (1) [20,26]=X (1) [20,27]=X (1) [20,28]=X (1) [20,29]=X (1) [20,30]=X (1) [20,31]=X (1) [20,32]=X (1) [20,33]=X (1) [20,34]=X (1) [20,35]=X (1) [20,36]=X (1) [20,37]=X (1) [20,38]=X (1) [20,39]=X (1) [20,40]=X (1) [20,41]=X (1) [20,42]=X (1) [20,43]=X (1) [20,44]=X (1) [20,45]=X (1) [20,46]=X (1) [20,47]=X (1) [20,48]=X (1) [21,21]=X (1) [21,22]=X (1) [21,23]=X (1) [21,24]=X (1) [21,25]=X (1) [21,26]=X (1) [21,27]=X (1) [21,28]=X (1) [21,29]=X (1) [21,30]=X (1) [21,31]=X (1) [21,32]=X (1) [21,33]=X (1) [21,34]=X (1) [21,35]=X (1) [21,36]=X (1) [21,37]=X (1) [21,38]=X (1) [21,39]=X (1) [21,40]=X (1) [21,41]=X (1) [21,42]=X (1) [21,43]=X (1) [21,44]=X (1) [21,45]=X (1) [21,46]=X (1) [21,47]=X (1) [21,48]=X (1) [22,22]=X (1) [22,23]=X (1) [22,24]=X (1) [22,25]=X (1) [22,26]=X (1) [22,27]=X (1) [22,28]=X (1) [22,29]=X (1) [22,30]=X (1) [22,31]=X (1) [22,32]=X (1) [22,33]=X (1) [22,34]=X (1) [22,35]=X (1) [22,36]=X (1) [22,37]=X (1) [22,38]=X (1) [22,39]=X (1) [22,40]=X (1) [22,41]=X (1) [22,42]=X (1) [22,43]=X (1) [22,44]=X (1) [22,45]=X (1) [22,46]=X (1) [22,47]=X (1) [22,48]=X (1) [23,23]=X (1) [23,24]=X (1) [23,25]=X (1) [23,26]=X (1) [23,27]=X (1) [23,28]=X (1) [23,29]=X (1) [23,30]=X (1) [23,31]=X (1) [23,32]=X (1) [23,33]=X (1) [23,34]=X (1) [23,35]=X (1) [23,36]=X (1) [23,37]=X (1) [23,38]=X (1) [23,39]=X (1) [23,40]=X (1) [23,41]=X (1) [23,42]=X (1) [23,43]=X (1) [23,44]=X (1) [23,45]=X (1) [23,46]=X (1) [23,47]=X (1) [23,48]=X (1) [24,24]=X (1) [24,25]=X (1) [24,26]=X (1) [24,27]=X (1) [24,28]=X (1) [24,29]=X (1) [24,30]=X (1) [24,31]=X (1) [24,32]=X (1) [24,33]=X (1) [24,34]=X (1) [24,35]=X (1) [24,36]=X (1) [24,37]=X (1) [24,38]=X (1) [24,39]=X (1) [24,40]=X (1) [24,41]=X (1) [24,42]=X (1) [24,43]=X (1) [24,44]=X (1) [24,45]=X (1) [24,46]=X (1) [24,47]=X (1) [24,48]=X (1) [25,25]=X (1) [25,26]=X (1) [25,27]=X (1) [25,28]=X (1) [25,29]=X (1) [25,30]=X (1) [25,31]=X (1) [25,32]=X (1) [25,33]=X (1) [25,34]=X (1) [25,35]=X (1) [25,36]=X (1) [25,37]=X (1) [25,38]=X (1) [25,39]=X (1) [25,40]=X (1) [25,41]=X (1) [25,42]=X (1) [25,43]=X (1) [25,44]=X (1) [25,45]=X (1) [25,46]=X (1) [25,47]=X (1) [25,48]=X (1) [26,26]=X (1) [26,27]=X (1) [26,28]=X (1) [26,29]=X (1) [26,30]=X (1) [26,31]=X (1) [26,32]=X (1) [26,33]=X (1) [26,34]=X (1) [26,35]=X (1) [26,36]=X (1) [26,37]=X (1) [26,38]=X (1) [26,39]=X (1) [26,40]=X (1) [26,41]=X (1) [26,42]=X (1) [26,43]=X (1) [26,44]=X (1) [26,45]=X (1) [26,46]=X (1) [26,47]=X (1) [26,48]=X (1) [27,27]=X (1) [27,28]=X (1) [27,29]=X (1) [27,30]=X (1) [27,31]=X (1) [27,32]=X (1) [27,33]=X (1) [27,34]=X (1) [27,35]=X (1) [27,36]=X (1) [27,37]=X (1) [27,38]=X (1) [27,39]=X (1) [27,40]=X (1) [27,41]=X (1) [27,42]=X (1) [27,43]=X (1) [27,44]=X (1) [27,45]=X (1) [27,46]=X (1) [27,47]=X (1) [27,48]=X (1) [28,28]=X (1) [28,29]=X (1) [28,30]=X (1) [28,31]=X (1) [28,32]=X (1) [28,33]=X (1) [28,34]=X (1) [28,35]=X (1) [28,36]=X (1) [28,37]=X (1) [28,38]=X (1) [28,39]=X (1) [28,40]=X (1) [28,41]=X (1) [28,42]=X (1) [28,43]=X (1) [28,44]=X (1) [28,45]=X (1) [28,46]=X (1) [28,47]=X (1) [28,48]=X (1) [29,29]=X (1) [29,30]=X (1) [29,31]=X (1) [29,32]=X (1) [29,33]=X (1) [29,34]=X (1) [29,35]=X (1) [29,36]=X (1) [29,37]=X (1) [29,38]=X (1) [29,39]=X (1) [29,40]=X (1) [29,41]=X (1) [29,42]=X (1) [29,43]=X (1) [29,44]=X (1) [29,45]=X (1) [29,46]=X (1) [29,47]=X (1) [29,48]=X (1) [30,30]=X (1) [30,31]=X (1) [30,32]=X (1) [30,33]=X (1) [30,34]=X (1) [30,35]=X (1) [30,36]=X (1) [30,37]=X (1) [30,38]=X (1) [30,39]=X (1) [30,40]=X (1) [30,41]=X (1) [30,42]=X (1) [30,43]=X (1) [30,44]=X (1) [30,45]=X (1) [30,46]=X (1) [30,47]=X (1) [30,48]=X (1) [31,31]=X (1) [31,32]=X (1) [31,33]=X (1) [31,34]=X (1) [31,35]=X (1) [31,36]=X (1) [31,37]=X (1) [31,38]=X (1) [31,39]=X (1) [31,40]=X (1) [31,41]=X (1) [31,42]=X (1) [31,43]=X (1) [31,44]=X (1) [31,45]=X (1) [31,46]=X (1) [31,47]=X (1) [31,48]=X (1) [32,32]=X (1) [32,33]=X (1) [32,34]=X (1) [32,35]=X (1) [32,36]=X (1) [32,37]=X (1) [32,38]=X (1) [32,39]=X (1) [32,40]=X (1) [32,41]=X (1) [32,42]=X (1) [32,43]=X (1) [32,44]=X (1) [32,45]=X (1) [32,46]=X (1) [32,47]=X (1) [32,48]=X (1) [33,33]=X (1) [33,34]=X (1) [33,35]=X (1) [33,36]=X (1) [33,37]=X (1) [33,38]=X (1) [33,39]=X (1) [33,40]=X (1) [33,41]=X (1) [33,42]=X (1) [33,43]=X (1) [33,44]=X (1) [33,45]=X (1) [33,46]=X (1) [33,47]=X (1) [33,48]=X (1) [34,34]=X (1) [34,35]=X (1) [34,36]=X (1) [34,37]=X (1) [34,38]=X (1) [34,39]=X (1) [34,40]=X (1) [34,41]=X (1) [34,42]=X (1) [34,43]=X (1) [34,44]=X (1) [34,45]=X (1) [34,46]=X (1) [34,47]=X (1) [34,48]=X (1) [35,35]=X (1) [35,36]=X (1) [35,37]=X (1) [35,38]=X (1) [35,39]=X (1) [35,40]=X (1) [35,41]=X (1) [35,42]=X (1) [35,43]=X (1) [35,44]=X (1) [35,45]=X (1) [35,46]=X (1) [35,47]=X (1) [35,48]=X (1) [36,36]=X (1) [36,37]=X (1) [36,38]=X (1) [36,39]=X (1) [36,40]=X (1) [36,41]=X (1) [36,42]=X (1) [36,43]=X (1) [36,44]=X (1) [36,45]=X (1) [36,46]=X (1) [36,47]=X (1) [36,48]=X (1) [37,37]=X (1) [37,38]=X (1) [37,39]=X (1) [37,40]=X (1) [37,41]=X (1) [37,42]=X (1) [37,43]=X (1) [37,44]=X (1) [37,45]=X (1) [37,46]=X (1) [37,47]=X (1) [37,48]=X (1) [38,38]=X (1) [38,39]=X (1) [38,40]=X (1) [38,41]=X (1) [38,42]=X (1) [38,43]=X (1) [38,44]=X (1) [38,45]=X (1) [38,46]=X (1) [38,47]=X (1) [38,48]=X (1) [39,39]=X (1) [39,40]=X (1) [39,41]=X (1) [39,42]=X (1) [39,43]=X (1) [39,44]=X (1) [39,45]=X (1) [39,46]=X (1) [39,47]=X (1) [39,48]=X (1) [40,40]=X (1) [40,41]=X (1) [40,42]=X (1) [40,43]=X (1) [40,44]=X (1) [40,45]=X (1) [40,46]=X (1) [40,47]=X (1) [40,48]=X (1) [41,41]=X (1) [41,42]=X (1) [41,43]=X (1) [41,44]=X (1) [41,45]=X (1) [41,46]=X (1) [41,47]=X (1) [41,48]=X (1) [42,42]=X (1) [42,43]=X (1) [42,44]=X (1) [42,45]=X (1) [42,46]=X (1) [42,47]=X (1) [42,48]=X (1) [43,43]=X (1) [43,44]=X (1) [43,45]=X (1) [43,46]=X (1) [43,47]=X (1) [43,48]=X (1) [44,44]=X (1) [44,45]=X (1) [44,46]=X (1) [44,47]=X (1) [44,48]=X (1) [45,45]=X (1) [45,46]=X (1) [45,47]=X (1) [45,48]=X (1) [46,46]=X (1) [46,47]=X (1) [46,48]=X (1) [47,47]=X (1) [47,48]=X (1) [48,48]=X (1) 

  0   1   2   3   4   5   6   7   8   9  10  11  12  13  14  15  16  17  18  19  20  21  22  23  24  25  26  27  28  29  30  31  32  33  34  35  36  37  38  39  40  41  42  43  44  45  46  47  48 
  1   1   1   1   1   1   1   1   1   1   1   1   1   1   1   1   1   1   1   1   1   1   1   1   1   1   1   1   1   1   1   1   1   1   1   1   1   1   1   1   1   1   1   1   1   1   1   1   0 
    1   1   1   1   1   0   0   0   0   0   0   0   0   0   0   0   0   0   0   0   0   0   0   0   0   0   0   0   0   0   0   0   0   0   0   0   0   0   1   1   1   0   0   0   0   0   0   0 
      1   1   1   1   0   0   0   0   0   0   0   0   0   0   0   0   0   0   0   0   0   0   0   0   0   0   0   0   0   0   0   0   0   0   0   0   0   0   1   1   0   0   0   0   0   0   0 
        1   1   1   0   0   0   0   0   0   0   0   0   0   0   0   0   0   0   0   0   0   0   0   0   0   0   0   0   0   0   0   0   0   0   0   0   0   0   1   0   0   0   0   0   0   0 
          1   1   0   0   0   0   0   0   0   0   0   0   0   0   0   0   0   0   0   0   0   0   0   0   0   0   0   0   0   0   0   0   0   0   0   0   0   0   0   0   0   0   0   0   0 
            1   0   0   0   0   0   0   0   0   0   0   0   0   0   0   0   0   0   0   0   0   0   0   0   0   0   0   0   0   0   0   0   0   0   0   0   0   0   0   0   0   0   0   0 
              1   0   0   0   0   0   0   0   0   0   0   0   0   0   0   0   0   0   0   0   0   0   0   0   0   0   0   0   0   0   0   0   0   0   0   0   0   0   0   0   0   0   0 
                1   0   0   0   0   0   0   0   0   0   0   0   0   0   0   0   0   0   0   0   0   0   0   0   0   0   0   0   0   0   0   0   0   0   0   0   0   0   0   0   0   0 
                  1   0   0   0   0   0   0   0   0   0   0   0   0   0   0   0   0   0   0   0   0   0   0   0   0   0   0   0   0   0   0   0   0   0   0   0   0   0   0   0   0 
                    1   0   0   0   0   0   0   0   0   0   0   0   0   0   0   0   0   0   0   0   0   0   0   0   0   0   0   0   0   0   0   0   0   0   0   0   0   0   0   0 
                      1   0   0   0   0   0   0   0   0   0   0   0   0   0   0   0   0   0   0   0   0   0   0   0   0   0   0   0   0   0   0   0   0   0   0   0   0   0   0 
                        1   0   0   0   0   0   0   0   0   0   0   0   0   0   0   0   0   0   0   0   0   0   0   0   0   0   0   0   0   0   0   0   0   0   0   0   0   0 
                          1   0   0   0   0   0   0   0   0   0   0   0   0   0   0   0   0   0   0   0   0   0   0   0   0   0   0   0   0   0   0   0   0   0   0   0   0 
                            1   0   0   0   0   0   0   0   0   0   0   0   0   0   0   0   0   0   0   0   0   0   0   0   0   0   0   0   0   0   0   0   0   0   0   0 
                              1   0   0   0   0   0   0   0   0   0   0   0   0   0   0   0   0   0   0   0   0   0   0   0   0   0   0   0   0   0   0   0   0   0   0 
                                1   0   0   0   0   0   0   0   0   0   0   0   0   0   0   0   0   0   0   0   0   0   0   0   0   0   0   0   0   0   0   0   0   0 
                                  1   0   0   0   0   0   0   0   0   0   0   0   0   0   0   0   0   0   0   0   0   0   0   0   0   0   0   0   0   0   0   0   0 
                                    1   0   0   0   0   0   0   0   0   0   0   0   0   0   0   0   0   0   0   0   0   0   0   0   0   0   0   0   0   0   0   0 
                                      1   0   0   0   0   0   0   0   0   0   0   0   0   0   0   0   0   0   0   0   0   0   0   0   0   0   0   0   0   0   0 
                                        1   0   0   0   0   0   0   0   0   0   0   0   0   0   0   0   0   0   0   0   0   0   0   0   0   0   0   0   0   0 
                                          1   0   0   0   0   0   0   0   0   0   0   0   0   0   0   0   0   0   0   0   0   0   0   0   0   0   0   0   0 
                                            1   0   0   0   0   0   0   0   0   0   0   0   0   0   0   0   0   0   0   0   0   0   0   0   0   0   0   0 
                                              1   0   0   0   0   0   0   0   0   0   0   0   0   0   0   0   0   0   0   0   0   0   0   0   0   0   0 
                                                1   0   0   0   0   0   0   0   0   0   0   0   0   0   0   0   0   0   0   0   0   0   0   0   0   0 
                                                  1   0   0   0   0   0   0   0   0   0   0   0   0   0   0   0   0   0   0   0   0   0   0   0   0 
                                                    1   0   0   0   0   0   0   0   0   0   0   0   0   0   0   0   0   0   0   0   0   0   0   0 
                                                      1   0   0   0   0   0   0   0   0   0   0   0   0   0   0   0   0   0   0   0   0   0   0 
                                                        1   0   0   0   0   0   0   0   0   0   0   0   0   0   0   0   0   0   0   0   0   0 
                                                          1   0   0   0   0   0   0   0   0   0   0   0   0   0   0   0   0   0   0   0   0 
                                                            1   0   0   0   0   0   0   0   0   0   0   0   0   0   0   0   0   0   0   0 
                                                              1   0   0   0   0   0   0   0   0   0   0   0   0   0   0   0   0   0   0 
                                                                1   0   0   0   0   0   0   0   0   0   0   0   0   0   0   0   0   0 
                                                                  1   0   0   0   0   0   0   0   0   0   0   0   0   0   0   0   0 
                                                                    1   0   0   0   0   0   0   0   0   0   0   0   0   0   0   0 
                                                                      1   0   0   0   0   0   0   0   0   0   0   0   0   0   0 
                                                                        1   0   0   0   0   0   0   0   0   0   0   0   0   0 
                                                                          1   0   0   0   0   0   0   0   0   0   0   0   0 
                                                                            1   0   0   0   0   0   0   0   0   0   0   0 
                                                                              1   0   0   0   0   0   0   0   0   0   0 
                                                                                1   0   0   0   0   0   0   0   0   0 
                                                                                  1   0   0   0   0   0   0   0   0 
                                                                                    1   0   0   0   0   0   0   0 
                                                                                      1   0   0   0   0   0   0 
                                                                                        1   0   0   0   0   0 
                                                                                          1   0   0   0   0 
                                                                                            1   0   0   0 
                                                                                              1   0   0 
                                                                                                1   0 
                                                                                                  1 
BEST TRANSLATION: 185 S  -> S </s> :0-0 : term=1-1 : nonterm=0-0 : c=-4.448 core=(0.000,-1.000,1.000,0.000,0.000,0.000,0.000,0.000,-4.448)  [0..48] 184 [total=-3266.713] core=(-3200.000,-49.000,96.000,0.000,-1.386,0.000,-1.386,46.995,-157.937) 
Line 2: Additional reporting took 0.000 seconds total
Line 2: Translation took 0.032 seconds total
Translation took 0.032 seconds
Name:moses_chart	VmPeak:162480 kB	VmRSS:5780 kB	RSSMax:5780 kB	user:0.008	sys:0.048	CPU:0.056	real:0.054
