Using SCRIPTS_ROOTDIR: /home/hgkumbhare/mosesdecoder/scripts
Assuming the tables are already filtered, reusing filtered/moses.ini
Using cached features list: ./features.list
MERT starting values and ranges for random generation:
  LexicalReordering0 =   0.300 ( 0.00 ..  1.00)
  LexicalReordering0 =   0.300 ( 0.00 ..  1.00)
  LexicalReordering0 =   0.300 ( 0.00 ..  1.00)
  LexicalReordering0 =   0.300 ( 0.00 ..  1.00)
  LexicalReordering0 =   0.300 ( 0.00 ..  1.00)
  LexicalReordering0 =   0.300 ( 0.00 ..  1.00)
  Distortion0 =   0.300 ( 0.00 ..  1.00)
    LM0 =   0.500 ( 0.00 ..  1.00)
  WordPenalty0 =  -1.000 ( 0.00 ..  1.00)
  PhrasePenalty0 =   0.200 ( 0.00 ..  1.00)
  TranslationModel0 =   0.200 ( 0.00 ..  1.00)
  TranslationModel0 =   0.200 ( 0.00 ..  1.00)
  TranslationModel0 =   0.200 ( 0.00 ..  1.00)
  TranslationModel0 =   0.200 ( 0.00 ..  1.00)
featlist: LexicalReordering0=0.300000 
featlist: LexicalReordering0=0.300000 
featlist: LexicalReordering0=0.300000 
featlist: LexicalReordering0=0.300000 
featlist: LexicalReordering0=0.300000 
featlist: LexicalReordering0=0.300000 
featlist: Distortion0=0.300000 
featlist: LM0=0.500000 
featlist: WordPenalty0=-1.000000 
featlist: PhrasePenalty0=0.200000 
featlist: TranslationModel0=0.200000 
featlist: TranslationModel0=0.200000 
featlist: TranslationModel0=0.200000 
featlist: TranslationModel0=0.200000 
run 1 start at Thu May  4 00:52:02 IST 2017
Parsing --decoder-flags: ||
Saving new config to: ./run1.moses.ini
Saved: ./run1.moses.ini
Normalizing lambdas: 0.300000 0.300000 0.300000 0.300000 0.300000 0.300000 0.300000 0.500000 -1.000000 0.200000 0.200000 0.200000 0.200000 0.200000
DECODER_CFG = -weight-overwrite 'Distortion0= 0.065217 WordPenalty0= -0.217391 LM0= 0.108696 PhrasePenalty0= 0.043478 TranslationModel0= 0.043478 0.043478 0.043478 0.043478 LexicalReordering0= 0.065217 0.065217 0.065217 0.065217 0.065217 0.065217'
Executing: /home/hgkumbhare/mosesdecoder/bin/moses   -config filtered/moses.ini -weight-overwrite 'Distortion0= 0.065217 WordPenalty0= -0.217391 LM0= 0.108696 PhrasePenalty0= 0.043478 TranslationModel0= 0.043478 0.043478 0.043478 0.043478 LexicalReordering0= 0.065217 0.065217 0.065217 0.065217 0.065217 0.065217'  -n-best-list run1.best100.out 100 distinct  -input-file /home/hgkumbhare/corpus/nl_file_tuning.true.fr > run1.out 
Executing: /home/hgkumbhare/mosesdecoder/bin/moses   -config filtered/moses.ini -weight-overwrite 'Distortion0= 0.065217 WordPenalty0= -0.217391 LM0= 0.108696 PhrasePenalty0= 0.043478 TranslationModel0= 0.043478 0.043478 0.043478 0.043478 LexicalReordering0= 0.065217 0.065217 0.065217 0.065217 0.065217 0.065217'  -n-best-list run1.best100.out 100 distinct  -input-file /home/hgkumbhare/corpus/nl_file_tuning.true.fr > run1.out
1-10.20.2 0.2 0.2 0.20.3 0.3 0.3 0.3 0.3 0.30.30.5(1) run decoder to produce n-best lists
params = 
decoder_config = -weight-overwrite 'Distortion0= 0.065217 WordPenalty0= -0.217391 LM0= 0.108696 PhrasePenalty0= 0.043478 TranslationModel0= 0.043478 0.043478 0.043478 0.043478 LexicalReordering0= 0.065217 0.065217 0.065217 0.065217 0.065217 0.065217'
Defined parameters (per moses.ini or switch):
	config: filtered/moses.ini 
	distortion-limit: 6 
	feature: UnknownWordPenalty WordPenalty PhrasePenalty PhraseDictionaryMemory name=TranslationModel0 num-features=4 path=/home/hgkumbhare/working/mert-work/filtered/phrase-table.0-0.1.1.gz input-factor=0 output-factor=0 LexicalReordering name=LexicalReordering0 num-features=6 type=wbe-msd-bidirectional-fe-allff input-factor=0 output-factor=0 path=/home/hgkumbhare/working/mert-work/filtered/reordering-table.wbe-msd-bidirectional-fe.0-0.1 Distortion KENLM name=LM0 factor=0 path=/home/hgkumbhare/lm/nl_file.blm.en order=3 
	input-factors: 0 
	input-file: /home/hgkumbhare/corpus/nl_file_tuning.true.fr 
	mapping: 0 T 0 
	n-best-list: run1.best100.out 100 distinct 
	weight: UnknownWordPenalty0= 1 WordPenalty0= -1 PhrasePenalty0= 0.2 TranslationModel0= 0.2 0.2 0.2 0.2 LexicalReordering0= 0.3 0.3 0.3 0.3 0.3 0.3 Distortion0= 0.3 LM0= 0.5 
	weight-overwrite: Distortion0= 0.065217 WordPenalty0= -0.217391 LM0= 0.108696 PhrasePenalty0= 0.043478 TranslationModel0= 0.043478 0.043478 0.043478 0.043478 LexicalReordering0= 0.065217 0.065217 0.065217 0.065217 0.065217 0.065217 
line=UnknownWordPenalty
FeatureFunction: UnknownWordPenalty0 start: 0 end: 0
line=WordPenalty
FeatureFunction: WordPenalty0 start: 1 end: 1
line=PhrasePenalty
FeatureFunction: PhrasePenalty0 start: 2 end: 2
line=PhraseDictionaryMemory name=TranslationModel0 num-features=4 path=/home/hgkumbhare/working/mert-work/filtered/phrase-table.0-0.1.1.gz input-factor=0 output-factor=0
FeatureFunction: TranslationModel0 start: 3 end: 6
line=LexicalReordering name=LexicalReordering0 num-features=6 type=wbe-msd-bidirectional-fe-allff input-factor=0 output-factor=0 path=/home/hgkumbhare/working/mert-work/filtered/reordering-table.wbe-msd-bidirectional-fe.0-0.1
Initializing Lexical Reordering Feature..
FeatureFunction: LexicalReordering0 start: 7 end: 12
line=Distortion
FeatureFunction: Distortion0 start: 13 end: 13
line=KENLM name=LM0 factor=0 path=/home/hgkumbhare/lm/nl_file.blm.en order=3
FeatureFunction: LM0 start: 14 end: 14
Loading UnknownWordPenalty0
Loading WordPenalty0
Loading PhrasePenalty0
Loading LexicalReordering0
Loading table into memory...done.
Loading Distortion0
Loading LM0
Loading TranslationModel0
Start loading text phrase table. Moses format : [0.001] seconds
Reading /home/hgkumbhare/working/mert-work/filtered/phrase-table.0-0.1.1.gz
----5---10---15---20---25---30---35---40---45---50---55---60---65---70---75---80---85---90---95--100
****************************************************************************************************
Created input-output object : [0.001] seconds
Translating: it is obligatory that each operating company has at least one insurer . 
Line 0: Initialize search took 0.000 seconds total
Line 0: Collecting options took 0.000 seconds at moses/Manager.cpp Line 141
Line 0: Search took 0.014 seconds
BEST TRANSLATION: it|UNK|UNK|UNK further obligatory|UNK|UNK|UNK that|UNK|UNK|UNK each|UNK|UNK|UNK operating|UNK|UNK|UNK company|UNK|UNK|UNK has|UNK|UNK|UNK at least|UNK|UNK|UNK one|UNK|UNK|UNK insurer|UNK|UNK|UNK .|UNK|UNK|UNK [1111111111111]  [total=-1099.689] core=(-1100.000,-13.000,13.000,-0.693,-0.405,-0.693,-0.405,-3.219,0.000,0.000,-3.219,0.000,0.000,0.000,-23.603)  
Line 0: Decision rule took 0.000 seconds total
Line 0: Additional reporting took 0.002 seconds total
Line 0: Translation took 0.017 seconds total
Translating: it is permitted that a rental is open only if an estimated rental price of the rental is provisionally charged to a credit card that is in the name of the renter who is responsible for the rental . 
Line 1: Initialize search took 0.001 seconds total
Line 1: Collecting options took 0.000 seconds at moses/Manager.cpp Line 141
Line 1: Search took 0.066 seconds
BEST TRANSLATION: it|UNK|UNK|UNK further permitted|UNK|UNK|UNK that|UNK|UNK|UNK a|UNK|UNK|UNK rental|UNK|UNK|UNK further open|UNK|UNK|UNK only|UNK|UNK|UNK if|UNK|UNK|UNK an|UNK|UNK|UNK estimated|UNK|UNK|UNK rental|UNK|UNK|UNK price|UNK|UNK|UNK of|UNK|UNK|UNK the rental|UNK|UNK|UNK further provisionally|UNK|UNK|UNK charged|UNK|UNK|UNK fresh a|UNK|UNK|UNK credit|UNK|UNK|UNK card|UNK|UNK|UNK that|UNK|UNK|UNK further in|UNK|UNK|UNK the name|UNK|UNK|UNK of|UNK|UNK|UNK the renter|UNK|UNK|UNK who|UNK|UNK|UNK further responsible|UNK|UNK|UNK for|UNK|UNK|UNK the rental|UNK|UNK|UNK .|UNK|UNK|UNK [111111111111111111111111111111111111111]  [total=-2903.575] core=(-2900.000,-39.000,39.000,-7.661,0.000,-6.968,0.000,-15.522,0.000,0.000,-15.522,0.000,0.000,0.000,-102.006)  
Line 1: Decision rule took 0.000 seconds total
Line 1: Additional reporting took 0.013 seconds total
Line 1: Translation took 0.079 seconds total
Translating: it is obligatory that an estimated rental price of an open rental is provisionally charged to a credit card that is in the name of the renter who is responsible for the rental . 
Line 2: Initialize search took 0.001 seconds total
Line 2: Collecting options took 0.000 seconds at moses/Manager.cpp Line 141
Line 2: Search took 0.048 seconds
BEST TRANSLATION: it|UNK|UNK|UNK further obligatory|UNK|UNK|UNK that|UNK|UNK|UNK an|UNK|UNK|UNK estimated|UNK|UNK|UNK rental|UNK|UNK|UNK price|UNK|UNK|UNK of|UNK|UNK|UNK an|UNK|UNK|UNK open|UNK|UNK|UNK rental|UNK|UNK|UNK further provisionally|UNK|UNK|UNK charged|UNK|UNK|UNK fresh a|UNK|UNK|UNK credit|UNK|UNK|UNK card|UNK|UNK|UNK that|UNK|UNK|UNK further in|UNK|UNK|UNK the name|UNK|UNK|UNK of|UNK|UNK|UNK the renter|UNK|UNK|UNK who|UNK|UNK|UNK further responsible|UNK|UNK|UNK for|UNK|UNK|UNK the rental|UNK|UNK|UNK .|UNK|UNK|UNK [1111111111111111111111111111111111]  [total=-2602.836] core=(-2600.000,-34.000,34.000,-6.092,0.000,-5.399,0.000,-12.446,0.000,0.000,-12.446,0.000,0.000,0.000,-88.157)  
Line 2: Decision rule took 0.000 seconds total
Line 2: Additional reporting took 0.010 seconds total
Line 2: Translation took 0.060 seconds total
Translating: it is prohibited that a rental is open if an estimated rental price of the rental is not provisionally charged to a credit card that is in the name of the renter who is responsible for the rental . 
Line 3: Initialize search took 0.001 seconds total
Line 3: Collecting options took 0.000 seconds at moses/Manager.cpp Line 141
Line 3: Search took 0.063 seconds
BEST TRANSLATION: it|UNK|UNK|UNK further prohibited|UNK|UNK|UNK that|UNK|UNK|UNK a|UNK|UNK|UNK rental|UNK|UNK|UNK further open|UNK|UNK|UNK if|UNK|UNK|UNK an|UNK|UNK|UNK estimated|UNK|UNK|UNK rental|UNK|UNK|UNK price|UNK|UNK|UNK of|UNK|UNK|UNK the rental|UNK|UNK|UNK further not|UNK|UNK|UNK provisionally|UNK|UNK|UNK charged|UNK|UNK|UNK fresh a|UNK|UNK|UNK credit|UNK|UNK|UNK card|UNK|UNK|UNK that|UNK|UNK|UNK further in|UNK|UNK|UNK the name|UNK|UNK|UNK of|UNK|UNK|UNK the renter|UNK|UNK|UNK who|UNK|UNK|UNK further responsible|UNK|UNK|UNK for|UNK|UNK|UNK the rental|UNK|UNK|UNK .|UNK|UNK|UNK [111111111111111111111111111111111111111]  [total=-2903.901] core=(-2900.000,-39.000,39.000,-7.661,0.000,-6.968,0.000,-15.522,0.000,0.000,-15.522,0.000,0.000,0.000,-105.000)  
Line 3: Decision rule took 0.000 seconds total
Line 3: Additional reporting took 0.012 seconds total
Line 3: Translation took 0.076 seconds total
Translating: if an estimated rental price of a rental is provisionally charged to a credit card that is in the name of the renter who is responsible for the rental then it is permitted that the rental is open . 
Line 4: Initialize search took 0.001 seconds total
Line 4: Collecting options took 0.000 seconds at moses/Manager.cpp Line 141
Line 4: Search took 0.066 seconds
BEST TRANSLATION: if|UNK|UNK|UNK an|UNK|UNK|UNK estimated|UNK|UNK|UNK rental|UNK|UNK|UNK price|UNK|UNK|UNK of|UNK|UNK|UNK a|UNK|UNK|UNK rental|UNK|UNK|UNK further provisionally|UNK|UNK|UNK charged|UNK|UNK|UNK fresh a|UNK|UNK|UNK credit|UNK|UNK|UNK card|UNK|UNK|UNK that|UNK|UNK|UNK further in|UNK|UNK|UNK the name|UNK|UNK|UNK of|UNK|UNK|UNK the renter|UNK|UNK|UNK who|UNK|UNK|UNK further responsible|UNK|UNK|UNK for|UNK|UNK|UNK the rental|UNK|UNK|UNK then|UNK|UNK|UNK it|UNK|UNK|UNK further permitted|UNK|UNK|UNK that|UNK|UNK|UNK the rental|UNK|UNK|UNK further open|UNK|UNK|UNK .|UNK|UNK|UNK [111111111111111111111111111111111111111]  [total=-2904.011] core=(-2900.000,-39.000,39.000,-7.661,0.000,-6.968,0.000,-15.522,0.000,0.000,-15.522,0.000,0.000,0.000,-106.035)  
Line 4: Decision rule took 0.000 seconds total
Line 4: Additional reporting took 0.018 seconds total
Line 4: Translation took 0.086 seconds total
Translating: it is obligatory that an estimated rental price of an open rental is provisionally charged to a credit card that is in the name of the renter who is responsible for the rental . 
Line 5: Initialize search took 0.001 seconds total
Line 5: Collecting options took 0.000 seconds at moses/Manager.cpp Line 141
Line 5: Search took 0.048 seconds
BEST TRANSLATION: it|UNK|UNK|UNK further obligatory|UNK|UNK|UNK that|UNK|UNK|UNK an|UNK|UNK|UNK estimated|UNK|UNK|UNK rental|UNK|UNK|UNK price|UNK|UNK|UNK of|UNK|UNK|UNK an|UNK|UNK|UNK open|UNK|UNK|UNK rental|UNK|UNK|UNK further provisionally|UNK|UNK|UNK charged|UNK|UNK|UNK fresh a|UNK|UNK|UNK credit|UNK|UNK|UNK card|UNK|UNK|UNK that|UNK|UNK|UNK further in|UNK|UNK|UNK the name|UNK|UNK|UNK of|UNK|UNK|UNK the renter|UNK|UNK|UNK who|UNK|UNK|UNK further responsible|UNK|UNK|UNK for|UNK|UNK|UNK the rental|UNK|UNK|UNK .|UNK|UNK|UNK [1111111111111111111111111111111111]  [total=-2602.836] core=(-2600.000,-34.000,34.000,-6.092,0.000,-5.399,0.000,-12.446,0.000,0.000,-12.446,0.000,0.000,0.000,-88.157)  
Line 5: Decision rule took 0.000 seconds total
Line 5: Additional reporting took 0.010 seconds total
Line 5: Translation took 0.059 seconds total
Translating: it is obligatory a credit card that is in the name of the renter who is responsible for an open rental is provisionally charged for an estimated rental price of the rental . 
Line 6: Initialize search took 0.001 seconds total
Line 6: Collecting options took 0.000 seconds at moses/Manager.cpp Line 141
Line 6: Search took 0.050 seconds
BEST TRANSLATION: it|UNK|UNK|UNK further obligatory|UNK|UNK|UNK a|UNK|UNK|UNK credit|UNK|UNK|UNK card|UNK|UNK|UNK that|UNK|UNK|UNK further in|UNK|UNK|UNK the name|UNK|UNK|UNK of|UNK|UNK|UNK the renter|UNK|UNK|UNK who|UNK|UNK|UNK further responsible|UNK|UNK|UNK for|UNK|UNK|UNK an|UNK|UNK|UNK open|UNK|UNK|UNK rental|UNK|UNK|UNK further provisionally|UNK|UNK|UNK charged|UNK|UNK|UNK for|UNK|UNK|UNK an|UNK|UNK|UNK estimated|UNK|UNK|UNK rental|UNK|UNK|UNK price|UNK|UNK|UNK of|UNK|UNK|UNK the rental|UNK|UNK|UNK .|UNK|UNK|UNK [111111111111111111111111111111111]  [total=-2601.414] core=(-2600.000,-33.000,33.000,-5.399,0.000,-5.399,0.000,-10.837,0.000,0.000,-10.837,0.000,0.000,0.000,-74.882)  
Line 6: Decision rule took 0.000 seconds total
Line 6: Additional reporting took 0.010 seconds total
Line 6: Translation took 0.061 seconds total
Translating: if the renter who is responsible for a rental requests a price conversion for the rental then it is obligatory that the rental price of the rental is converted to the currency of the price conversion . 
Line 7: Initialize search took 0.001 seconds total
Line 7: Collecting options took 0.000 seconds at moses/Manager.cpp Line 141
Line 7: Search took 0.072 seconds
BEST TRANSLATION: if|UNK|UNK|UNK the renter|UNK|UNK|UNK who|UNK|UNK|UNK further responsible|UNK|UNK|UNK for|UNK|UNK|UNK a|UNK|UNK|UNK rental|UNK|UNK|UNK requests|UNK|UNK|UNK a|UNK|UNK|UNK price|UNK|UNK|UNK conversion|UNK|UNK|UNK for|UNK|UNK|UNK the rental|UNK|UNK|UNK then|UNK|UNK|UNK it|UNK|UNK|UNK further obligatory|UNK|UNK|UNK that|UNK|UNK|UNK the rental|UNK|UNK|UNK price|UNK|UNK|UNK of|UNK|UNK|UNK the rental|UNK|UNK|UNK further converted|UNK|UNK|UNK fresh the currency|UNK|UNK|UNK of|UNK|UNK|UNK the price|UNK|UNK|UNK conversion|UNK|UNK|UNK .|UNK|UNK|UNK [1111111111111111111111111111111111111]  [total=-2701.866] core=(-2700.000,-37.000,37.000,-8.025,0.000,-7.332,0.000,-15.236,0.000,0.000,-15.236,0.000,0.000,0.000,-81.536)  
Line 7: Decision rule took 0.000 seconds total
Line 7: Additional reporting took 0.016 seconds total
Line 7: Translation took 0.089 seconds total
Translating: it is obligatory that the rental price of a rental is converted to the currency of a price conversion that is requested by the renter who is responsible for the rental . 
Line 8: Initialize search took 0.001 seconds total
Line 8: Collecting options took 0.000 seconds at moses/Manager.cpp Line 141
Line 8: Search took 0.052 seconds
BEST TRANSLATION: it|UNK|UNK|UNK further obligatory|UNK|UNK|UNK that|UNK|UNK|UNK the rental|UNK|UNK|UNK price|UNK|UNK|UNK of|UNK|UNK|UNK a|UNK|UNK|UNK rental|UNK|UNK|UNK further converted|UNK|UNK|UNK fresh the currency|UNK|UNK|UNK of|UNK|UNK|UNK a|UNK|UNK|UNK price|UNK|UNK|UNK conversion|UNK|UNK|UNK that|UNK|UNK|UNK further requested|UNK|UNK|UNK by|UNK|UNK|UNK the renter|UNK|UNK|UNK who|UNK|UNK|UNK further responsible|UNK|UNK|UNK for|UNK|UNK|UNK the rental|UNK|UNK|UNK .|UNK|UNK|UNK [11111111111111111111111111111111]  [total=-2303.685] core=(-2300.000,-32.000,32.000,-6.968,0.000,-6.274,0.000,-13.913,0.000,0.000,-13.913,0.000,0.000,0.000,-88.706)  
Line 8: Decision rule took 0.000 seconds total
Line 8: Additional reporting took 0.009 seconds total
Line 8: Translation took 0.063 seconds total
Translating: it is prohibited that a rental is open if a driver who is authorized for the rental is barred . 
Line 9: Initialize search took 0.000 seconds total
Line 9: Collecting options took 0.000 seconds at moses/Manager.cpp Line 141
Line 9: Search took 0.020 seconds
BEST TRANSLATION: it|UNK|UNK|UNK further prohibited|UNK|UNK|UNK that|UNK|UNK|UNK a|UNK|UNK|UNK rental|UNK|UNK|UNK further open|UNK|UNK|UNK if|UNK|UNK|UNK a|UNK|UNK|UNK driver|UNK|UNK|UNK who|UNK|UNK|UNK further authorized|UNK|UNK|UNK for|UNK|UNK|UNK the rental|UNK|UNK|UNK further barred|UNK|UNK|UNK .|UNK|UNK|UNK [11111111111111111111]  [total=-1503.455] core=(-1500.000,-20.000,20.000,-3.648,0.000,-3.648,0.000,-7.904,0.000,0.000,-7.904,0.000,0.000,0.000,-67.381)  
Line 9: Decision rule took 0.000 seconds total
Line 9: Additional reporting took 0.008 seconds total
Line 9: Translation took 0.029 seconds total
Translating: it is prohibited that a rental is open if a driver who is authorized for the rental is barred . 
Line 10: Initialize search took 0.000 seconds total
Line 10: Collecting options took 0.000 seconds at moses/Manager.cpp Line 141
Line 10: Search took 0.020 seconds
BEST TRANSLATION: it|UNK|UNK|UNK further prohibited|UNK|UNK|UNK that|UNK|UNK|UNK a|UNK|UNK|UNK rental|UNK|UNK|UNK further open|UNK|UNK|UNK if|UNK|UNK|UNK a|UNK|UNK|UNK driver|UNK|UNK|UNK who|UNK|UNK|UNK further authorized|UNK|UNK|UNK for|UNK|UNK|UNK the rental|UNK|UNK|UNK further barred|UNK|UNK|UNK .|UNK|UNK|UNK [11111111111111111111]  [total=-1503.455] core=(-1500.000,-20.000,20.000,-3.648,0.000,-3.648,0.000,-7.904,0.000,0.000,-7.904,0.000,0.000,0.000,-67.381)  
Line 10: Decision rule took 0.000 seconds total
Line 10: Additional reporting took 0.008 seconds total
Line 10: Translation took 0.029 seconds total
Translating: it is prohibited that a rental is open if a driver who is authorized for the rental is barred . 
Line 11: Initialize search took 0.000 seconds total
Line 11: Collecting options took 0.000 seconds at moses/Manager.cpp Line 141
Line 11: Search took 0.020 seconds
BEST TRANSLATION: it|UNK|UNK|UNK further prohibited|UNK|UNK|UNK that|UNK|UNK|UNK a|UNK|UNK|UNK rental|UNK|UNK|UNK further open|UNK|UNK|UNK if|UNK|UNK|UNK a|UNK|UNK|UNK driver|UNK|UNK|UNK who|UNK|UNK|UNK further authorized|UNK|UNK|UNK for|UNK|UNK|UNK the rental|UNK|UNK|UNK further barred|UNK|UNK|UNK .|UNK|UNK|UNK [11111111111111111111]  [total=-1503.455] core=(-1500.000,-20.000,20.000,-3.648,0.000,-3.648,0.000,-7.904,0.000,0.000,-7.904,0.000,0.000,0.000,-67.381)  
Line 11: Decision rule took 0.000 seconds total
Line 11: Additional reporting took 0.008 seconds total
Line 11: Translation took 0.029 seconds total
Translating: it is prohibited that a rental is open if a driver who is authorized for the rental is barred . 
Line 12: Initialize search took 0.000 seconds total
Line 12: Collecting options took 0.000 seconds at moses/Manager.cpp Line 141
Line 12: Search took 0.020 seconds
BEST TRANSLATION: it|UNK|UNK|UNK further prohibited|UNK|UNK|UNK that|UNK|UNK|UNK a|UNK|UNK|UNK rental|UNK|UNK|UNK further open|UNK|UNK|UNK if|UNK|UNK|UNK a|UNK|UNK|UNK driver|UNK|UNK|UNK who|UNK|UNK|UNK further authorized|UNK|UNK|UNK for|UNK|UNK|UNK the rental|UNK|UNK|UNK further barred|UNK|UNK|UNK .|UNK|UNK|UNK [11111111111111111111]  [total=-1503.455] core=(-1500.000,-20.000,20.000,-3.648,0.000,-3.648,0.000,-7.904,0.000,0.000,-7.904,0.000,0.000,0.000,-67.381)  
Line 12: Decision rule took 0.000 seconds total
Line 12: Additional reporting took 0.009 seconds total
Line 12: Translation took 0.030 seconds total
Translating: it is prohibited that a rental is open if a driver who is authorized for the rental is barred . 
Line 13: Initialize search took 0.000 seconds total
Line 13: Collecting options took 0.000 seconds at moses/Manager.cpp Line 141
Line 13: Search took 0.020 seconds
BEST TRANSLATION: it|UNK|UNK|UNK further prohibited|UNK|UNK|UNK that|UNK|UNK|UNK a|UNK|UNK|UNK rental|UNK|UNK|UNK further open|UNK|UNK|UNK if|UNK|UNK|UNK a|UNK|UNK|UNK driver|UNK|UNK|UNK who|UNK|UNK|UNK further authorized|UNK|UNK|UNK for|UNK|UNK|UNK the rental|UNK|UNK|UNK further barred|UNK|UNK|UNK .|UNK|UNK|UNK [11111111111111111111]  [total=-1503.455] core=(-1500.000,-20.000,20.000,-3.648,0.000,-3.648,0.000,-7.904,0.000,0.000,-7.904,0.000,0.000,0.000,-67.381)  
Line 13: Decision rule took 0.000 seconds total
Line 13: Additional reporting took 0.008 seconds total
Line 13: Translation took 0.029 seconds total
Translating: it is obligatory that the moved car that is included in a car movement is included in the car group that is claimed by the car movement . 
Line 14: Initialize search took 0.000 seconds total
Line 14: Collecting options took 0.000 seconds at moses/Manager.cpp Line 141
Line 14: Search took 0.042 seconds
BEST TRANSLATION: it|UNK|UNK|UNK further obligatory|UNK|UNK|UNK that|UNK|UNK|UNK the moved|UNK|UNK|UNK car|UNK|UNK|UNK that|UNK|UNK|UNK further included|UNK|UNK|UNK in|UNK|UNK|UNK a|UNK|UNK|UNK car|UNK|UNK|UNK movement|UNK|UNK|UNK further included|UNK|UNK|UNK in|UNK|UNK|UNK the car|UNK|UNK|UNK group|UNK|UNK|UNK that|UNK|UNK|UNK further claimed|UNK|UNK|UNK by|UNK|UNK|UNK the car|UNK|UNK|UNK movement|UNK|UNK|UNK .|UNK|UNK|UNK [1111111111111111111111111111]  [total=-2102.934] core=(-2100.000,-28.000,28.000,-5.399,0.000,-5.399,0.000,-10.837,0.000,0.000,-10.837,0.000,0.000,0.000,-76.868)  
Line 14: Decision rule took 0.000 seconds total
Line 14: Additional reporting took 0.007 seconds total
Line 14: Translation took 0.050 seconds total
Translating: it is obligatory that the country that contains the EU-Rent site that is location of the receiving branch of each inward international car movement is the country of registration of the moved car is included in the car movement . 
Line 15: Initialize search took 0.001 seconds total
Line 15: Collecting options took 0.000 seconds at moses/Manager.cpp Line 141
Line 15: Search took 0.082 seconds
BEST TRANSLATION: it|UNK|UNK|UNK further obligatory|UNK|UNK|UNK that|UNK|UNK|UNK the country|UNK|UNK|UNK that|UNK|UNK|UNK contains|UNK|UNK|UNK the EU-Rent|UNK|UNK|UNK site|UNK|UNK|UNK that|UNK|UNK|UNK further location|UNK|UNK|UNK of|UNK|UNK|UNK the receiving|UNK|UNK|UNK branch|UNK|UNK|UNK of|UNK|UNK|UNK each|UNK|UNK|UNK inward|UNK|UNK|UNK international|UNK|UNK|UNK car|UNK|UNK|UNK movement|UNK|UNK|UNK further the country|UNK|UNK|UNK of|UNK|UNK|UNK registration|UNK|UNK|UNK of|UNK|UNK|UNK the moved|UNK|UNK|UNK car|UNK|UNK|UNK further included|UNK|UNK|UNK in|UNK|UNK|UNK the car|UNK|UNK|UNK movement|UNK|UNK|UNK .|UNK|UNK|UNK [1111111111111111111111111111111111111111]  [total=-3001.217] core=(-3000.000,-40.000,40.000,-8.025,0.000,-8.025,0.000,-15.236,0.000,0.000,-15.236,0.000,0.000,0.000,-82.500)  
Line 15: Decision rule took 0.000 seconds total
Line 15: Additional reporting took 0.013 seconds total
Line 15: Translation took 0.096 seconds total
Translating: at the drop-off date-time of an in-country car movement the local area that manages the receiving branch that is included in the car movement becomes the rental car owner of the moved car that is included in the car movement . 
Line 16: Initialize search took 0.001 seconds total
Line 16: Collecting options took 0.001 seconds at moses/Manager.cpp Line 141
Line 16: Search took 0.087 seconds
BEST TRANSLATION: at the drop-off|UNK|UNK|UNK date-time|UNK|UNK|UNK of|UNK|UNK|UNK an|UNK|UNK|UNK in-country|UNK|UNK|UNK car|UNK|UNK|UNK movement|UNK|UNK|UNK the local|UNK|UNK|UNK area|UNK|UNK|UNK that|UNK|UNK|UNK manages|UNK|UNK|UNK the receiving|UNK|UNK|UNK branch|UNK|UNK|UNK that|UNK|UNK|UNK further included|UNK|UNK|UNK in|UNK|UNK|UNK the car|UNK|UNK|UNK movement|UNK|UNK|UNK becomes|UNK|UNK|UNK the rental|UNK|UNK|UNK car|UNK|UNK|UNK owner|UNK|UNK|UNK of|UNK|UNK|UNK the moved|UNK|UNK|UNK car|UNK|UNK|UNK that|UNK|UNK|UNK further included|UNK|UNK|UNK in|UNK|UNK|UNK the car|UNK|UNK|UNK movement|UNK|UNK|UNK .|UNK|UNK|UNK [11111111111111111111111111111111111111111]  [total=-3098.808] core=(-3100.000,-41.000,41.000,-7.515,-0.405,-7.515,-0.405,-15.093,0.000,0.000,-15.093,0.000,0.000,0.000,-62.985)  
Line 16: Decision rule took 0.000 seconds total
Line 16: Additional reporting took 0.014 seconds total
Line 16: Translation took 0.102 seconds total
Translating: it is obligatory that the rented car of each assigned rental is stored at the pick-up branch of the rental . 
Line 17: Initialize search took 0.000 seconds total
Line 17: Collecting options took 0.000 seconds at moses/Manager.cpp Line 141
Line 17: Search took 0.031 seconds
BEST TRANSLATION: it|UNK|UNK|UNK further obligatory|UNK|UNK|UNK that|UNK|UNK|UNK the rented|UNK|UNK|UNK car|UNK|UNK|UNK of|UNK|UNK|UNK each|UNK|UNK|UNK assigned|UNK|UNK|UNK rental|UNK|UNK|UNK further stored|UNK|UNK|UNK at the pick-up|UNK|UNK|UNK branch|UNK|UNK|UNK of|UNK|UNK|UNK the rental|UNK|UNK|UNK .|UNK|UNK|UNK [111111111111111111111]  [total=-1501.086] core=(-1500.000,-21.000,21.000,-4.013,-0.405,-4.013,-0.405,-9.227,0.000,0.000,-9.227,0.000,0.000,0.000,-45.783)  
Line 17: Decision rule took 0.000 seconds total
Line 17: Additional reporting took 0.004 seconds total
Line 17: Translation took 0.036 seconds total
Translating: it is obligatory that the rented car of each assigned rental is stored at the pick-up branch of the rental . 
Line 18: Initialize search took 0.000 seconds total
Line 18: Collecting options took 0.000 seconds at moses/Manager.cpp Line 141
Line 18: Search took 0.031 seconds
BEST TRANSLATION: it|UNK|UNK|UNK further obligatory|UNK|UNK|UNK that|UNK|UNK|UNK the rented|UNK|UNK|UNK car|UNK|UNK|UNK of|UNK|UNK|UNK each|UNK|UNK|UNK assigned|UNK|UNK|UNK rental|UNK|UNK|UNK further stored|UNK|UNK|UNK at the pick-up|UNK|UNK|UNK branch|UNK|UNK|UNK of|UNK|UNK|UNK the rental|UNK|UNK|UNK .|UNK|UNK|UNK [111111111111111111111]  [total=-1501.086] core=(-1500.000,-21.000,21.000,-4.013,-0.405,-4.013,-0.405,-9.227,0.000,0.000,-9.227,0.000,0.000,0.000,-45.783)  
Line 18: Decision rule took 0.000 seconds total
Line 18: Additional reporting took 0.004 seconds total
Line 18: Translation took 0.035 seconds total
Translating: it is obligatory that the contract number that is included in a request for pick-up references an advance rental that has a pick-up branch that is the branch at which the request for pick-up is made and a scheduled pick-up date-time that is included in the current day . 
Line 19: Initialize search took 0.001 seconds total
Line 19: Collecting options took 0.001 seconds at moses/Manager.cpp Line 141
Line 19: Search took 0.080 seconds
BEST TRANSLATION: it|UNK|UNK|UNK further obligatory|UNK|UNK|UNK that|UNK|UNK|UNK the contract|UNK|UNK|UNK number|UNK|UNK|UNK that|UNK|UNK|UNK further included|UNK|UNK|UNK in|UNK|UNK|UNK a|UNK|UNK|UNK request|UNK|UNK|UNK for|UNK|UNK|UNK pick-up|UNK|UNK|UNK references|UNK|UNK|UNK an|UNK|UNK|UNK advance|UNK|UNK|UNK rental|UNK|UNK|UNK that|UNK|UNK|UNK has|UNK|UNK|UNK a|UNK|UNK|UNK pick-up|UNK|UNK|UNK branch|UNK|UNK|UNK that|UNK|UNK|UNK further the branch|UNK|UNK|UNK at which|UNK|UNK|UNK the request|UNK|UNK|UNK for|UNK|UNK|UNK pick-up|UNK|UNK|UNK further made|UNK|UNK|UNK and|UNK|UNK|UNK a|UNK|UNK|UNK scheduled|UNK|UNK|UNK pick-up|UNK|UNK|UNK date-time|UNK|UNK|UNK that|UNK|UNK|UNK further included|UNK|UNK|UNK in|UNK|UNK|UNK the current|UNK|UNK|UNK day|UNK|UNK|UNK .|UNK|UNK|UNK [1111111111111111111111111111111111111111111111111]  [total=-3900.705] core=(-3900.000,-49.000,49.000,-6.968,-0.405,-6.968,-0.405,-15.522,0.000,0.000,-15.522,0.000,0.000,0.000,-99.568)  
Line 19: Decision rule took 0.000 seconds total
Line 19: Additional reporting took 0.014 seconds total
Line 19: Translation took 0.096 seconds total
Translating: at the actual pick-up date-time of a rental it is obligatory that the renter who is responsible for the rental is named on the credit card that is provisionally charged for the estimated rental price of the rental . 
Line 20: Initialize search took 0.001 seconds total
Line 20: Collecting options took 0.001 seconds at moses/Manager.cpp Line 141
Line 20: Search took 0.074 seconds
BEST TRANSLATION: at the actual|UNK|UNK|UNK pick-up|UNK|UNK|UNK date-time|UNK|UNK|UNK of|UNK|UNK|UNK a|UNK|UNK|UNK rental|UNK|UNK|UNK it|UNK|UNK|UNK further obligatory|UNK|UNK|UNK that|UNK|UNK|UNK the renter|UNK|UNK|UNK who|UNK|UNK|UNK further responsible|UNK|UNK|UNK for|UNK|UNK|UNK the rental|UNK|UNK|UNK further named|UNK|UNK|UNK on|UNK|UNK|UNK the credit|UNK|UNK|UNK card|UNK|UNK|UNK that|UNK|UNK|UNK further provisionally|UNK|UNK|UNK charged|UNK|UNK|UNK for|UNK|UNK|UNK the estimated|UNK|UNK|UNK rental|UNK|UNK|UNK price|UNK|UNK|UNK of|UNK|UNK|UNK the rental|UNK|UNK|UNK .|UNK|UNK|UNK [111111111111111111111111111111111111111]  [total=-2801.482] core=(-2800.000,-39.000,39.000,-8.025,-0.405,-8.025,-0.405,-16.845,0.000,0.000,-16.845,0.000,0.000,0.000,-80.277)  
Line 20: Decision rule took 0.000 seconds total
Line 20: Additional reporting took 0.012 seconds total
Line 20: Translation took 0.087 seconds total
Translating: at the actual pick-up date-time of a rental it is obligatory that each driver who is authorized for the rental has a driver license that is valid for the rental . 
Line 21: Initialize search took 0.000 seconds total
Line 21: Collecting options took 0.000 seconds at moses/Manager.cpp Line 141
Line 21: Search took 0.041 seconds
BEST TRANSLATION: at the actual|UNK|UNK|UNK pick-up|UNK|UNK|UNK date-time|UNK|UNK|UNK of|UNK|UNK|UNK a|UNK|UNK|UNK rental|UNK|UNK|UNK it|UNK|UNK|UNK further obligatory|UNK|UNK|UNK that|UNK|UNK|UNK each|UNK|UNK|UNK driver|UNK|UNK|UNK who|UNK|UNK|UNK further authorized|UNK|UNK|UNK for|UNK|UNK|UNK the rental|UNK|UNK|UNK has|UNK|UNK|UNK a|UNK|UNK|UNK driver|UNK|UNK|UNK license|UNK|UNK|UNK that|UNK|UNK|UNK further valid|UNK|UNK|UNK for|UNK|UNK|UNK the rental|UNK|UNK|UNK .|UNK|UNK|UNK [1111111111111111111111111111111]  [total=-2400.903] core=(-2400.000,-31.000,31.000,-4.706,-0.405,-4.706,-0.405,-10.837,0.000,0.000,-10.837,0.000,0.000,0.000,-65.613)  
Line 21: Decision rule took 0.000 seconds total
Line 21: Additional reporting took 0.010 seconds total
Line 21: Translation took 0.052 seconds total
Translating: at the actual pick-up date-time of a rental it is obligatory that the fuel level of the rented car of the rental is full . 
Line 22: Initialize search took 0.000 seconds total
Line 22: Collecting options took 0.000 seconds at moses/Manager.cpp Line 141
Line 22: Search took 0.043 seconds
BEST TRANSLATION: at the actual|UNK|UNK|UNK pick-up|UNK|UNK|UNK date-time|UNK|UNK|UNK of|UNK|UNK|UNK a|UNK|UNK|UNK rental|UNK|UNK|UNK it|UNK|UNK|UNK further obligatory|UNK|UNK|UNK that|UNK|UNK|UNK the fuel|UNK|UNK|UNK level|UNK|UNK|UNK of|UNK|UNK|UNK the rented|UNK|UNK|UNK car|UNK|UNK|UNK of|UNK|UNK|UNK the rental|UNK|UNK|UNK further full|UNK|UNK|UNK .|UNK|UNK|UNK [1111111111111111111111111]  [total=-1800.559] core=(-1800.000,-25.000,25.000,-4.888,-0.405,-4.888,-0.405,-10.694,0.000,0.000,-10.694,0.000,0.000,0.000,-48.075)  
Line 22: Decision rule took 0.000 seconds total
Line 22: Additional reporting took 0.010 seconds total
Line 22: Translation took 0.054 seconds total
Translating: at the actual pick-up date-time of a rental it is obligatory that the fuel level of the rented car of the rental is full . 
Line 23: Initialize search took 0.000 seconds total
Line 23: Collecting options took 0.000 seconds at moses/Manager.cpp Line 141
Line 23: Search took 0.043 seconds
BEST TRANSLATION: at the actual|UNK|UNK|UNK pick-up|UNK|UNK|UNK date-time|UNK|UNK|UNK of|UNK|UNK|UNK a|UNK|UNK|UNK rental|UNK|UNK|UNK it|UNK|UNK|UNK further obligatory|UNK|UNK|UNK that|UNK|UNK|UNK the fuel|UNK|UNK|UNK level|UNK|UNK|UNK of|UNK|UNK|UNK the rented|UNK|UNK|UNK car|UNK|UNK|UNK of|UNK|UNK|UNK the rental|UNK|UNK|UNK further full|UNK|UNK|UNK .|UNK|UNK|UNK [1111111111111111111111111]  [total=-1800.559] core=(-1800.000,-25.000,25.000,-4.888,-0.405,-4.888,-0.405,-10.694,0.000,0.000,-10.694,0.000,0.000,0.000,-48.075)  
Line 23: Decision rule took 0.000 seconds total
Line 23: Additional reporting took 0.010 seconds total
Line 23: Translation took 0.054 seconds total
Translating: if the actual return date-time of a rental is after the end date-time of the grace period of the rental then it is obligatory that the rental incurs a late return charge . 
Line 24: Initialize search took 0.001 seconds total
Line 24: Collecting options took 0.000 seconds at moses/Manager.cpp Line 141
Line 24: Search took 0.063 seconds
BEST TRANSLATION: if|UNK|UNK|UNK the actual|UNK|UNK|UNK return|UNK|UNK|UNK date-time|UNK|UNK|UNK of|UNK|UNK|UNK a|UNK|UNK|UNK rental|UNK|UNK|UNK further after|UNK|UNK|UNK the end|UNK|UNK|UNK date-time|UNK|UNK|UNK of|UNK|UNK|UNK the grace|UNK|UNK|UNK period|UNK|UNK|UNK of|UNK|UNK|UNK the rental|UNK|UNK|UNK then|UNK|UNK|UNK it|UNK|UNK|UNK further obligatory|UNK|UNK|UNK that|UNK|UNK|UNK the rental|UNK|UNK|UNK incurs|UNK|UNK|UNK a|UNK|UNK|UNK late|UNK|UNK|UNK return|UNK|UNK|UNK charge|UNK|UNK|UNK .|UNK|UNK|UNK [111111111111111111111111111111111]  [total=-2599.617] core=(-2600.000,-33.000,33.000,-5.764,0.000,-5.764,0.000,-10.551,0.000,0.000,-10.551,0.000,0.000,0.000,-58.417)  
Line 24: Decision rule took 0.000 seconds total
Line 24: Additional reporting took 0.012 seconds total
Line 24: Translation took 0.076 seconds total
Translating: if the actual return date-time of a rental is after the end date-time of the grace period of the rental then it is obligatory that the rental incurs a late return charge . 
Line 25: Initialize search took 0.001 seconds total
Line 25: Collecting options took 0.000 seconds at moses/Manager.cpp Line 141
Line 25: Search took 0.061 seconds
BEST TRANSLATION: if|UNK|UNK|UNK the actual|UNK|UNK|UNK return|UNK|UNK|UNK date-time|UNK|UNK|UNK of|UNK|UNK|UNK a|UNK|UNK|UNK rental|UNK|UNK|UNK further after|UNK|UNK|UNK the end|UNK|UNK|UNK date-time|UNK|UNK|UNK of|UNK|UNK|UNK the grace|UNK|UNK|UNK period|UNK|UNK|UNK of|UNK|UNK|UNK the rental|UNK|UNK|UNK then|UNK|UNK|UNK it|UNK|UNK|UNK further obligatory|UNK|UNK|UNK that|UNK|UNK|UNK the rental|UNK|UNK|UNK incurs|UNK|UNK|UNK a|UNK|UNK|UNK late|UNK|UNK|UNK return|UNK|UNK|UNK charge|UNK|UNK|UNK .|UNK|UNK|UNK [111111111111111111111111111111111]  [total=-2599.617] core=(-2600.000,-33.000,33.000,-5.764,0.000,-5.764,0.000,-10.551,0.000,0.000,-10.551,0.000,0.000,0.000,-58.417)  
Line 25: Decision rule took 0.000 seconds total
Line 25: Additional reporting took 0.011 seconds total
Line 25: Translation took 0.074 seconds total
Translating: it is obligatory that a rental incurs a location penalty charge if the drop-off branch of the rental is not the return branch of the rental . 
Line 26: Initialize search took 0.000 seconds total
Line 26: Collecting options took 0.000 seconds at moses/Manager.cpp Line 141
Line 26: Search took 0.048 seconds
BEST TRANSLATION: it|UNK|UNK|UNK further obligatory|UNK|UNK|UNK that|UNK|UNK|UNK a|UNK|UNK|UNK rental|UNK|UNK|UNK incurs|UNK|UNK|UNK a|UNK|UNK|UNK location|UNK|UNK|UNK penalty|UNK|UNK|UNK charge|UNK|UNK|UNK if|UNK|UNK|UNK the drop-off|UNK|UNK|UNK branch|UNK|UNK|UNK of|UNK|UNK|UNK the rental|UNK|UNK|UNK further not|UNK|UNK|UNK the return|UNK|UNK|UNK branch|UNK|UNK|UNK of|UNK|UNK|UNK the rental|UNK|UNK|UNK .|UNK|UNK|UNK [111111111111111111111111111]  [total=-2099.954] core=(-2100.000,-27.000,27.000,-4.888,0.000,-4.888,0.000,-9.084,0.000,0.000,-9.084,0.000,0.000,0.000,-49.568)  
Line 26: Decision rule took 0.000 seconds total
Line 26: Additional reporting took 0.007 seconds total
Line 26: Translation took 0.056 seconds total
Translating: it is obligatory that a rental incurs a location penalty charge if the drop-off branch of the rental is not the return branch of the rental . 
Line 27: Initialize search took 0.000 seconds total
Line 27: Collecting options took 0.000 seconds at moses/Manager.cpp Line 141
Line 27: Search took 0.049 seconds
BEST TRANSLATION: it|UNK|UNK|UNK further obligatory|UNK|UNK|UNK that|UNK|UNK|UNK a|UNK|UNK|UNK rental|UNK|UNK|UNK incurs|UNK|UNK|UNK a|UNK|UNK|UNK location|UNK|UNK|UNK penalty|UNK|UNK|UNK charge|UNK|UNK|UNK if|UNK|UNK|UNK the drop-off|UNK|UNK|UNK branch|UNK|UNK|UNK of|UNK|UNK|UNK the rental|UNK|UNK|UNK further not|UNK|UNK|UNK the return|UNK|UNK|UNK branch|UNK|UNK|UNK of|UNK|UNK|UNK the rental|UNK|UNK|UNK .|UNK|UNK|UNK [111111111111111111111111111]  [total=-2099.954] core=(-2100.000,-27.000,27.000,-4.888,0.000,-4.888,0.000,-9.084,0.000,0.000,-9.084,0.000,0.000,0.000,-49.568)  
Line 27: Decision rule took 0.000 seconds total
Line 27: Additional reporting took 0.007 seconds total
Line 27: Translation took 0.057 seconds total
Translating: it is obligatory that a rental incurs a recovery charge if the rental has a recovery location . 
Line 28: Initialize search took 0.000 seconds total
Line 28: Collecting options took 0.000 seconds at moses/Manager.cpp Line 141
Line 28: Search took 0.019 seconds
BEST TRANSLATION: it|UNK|UNK|UNK further obligatory|UNK|UNK|UNK that|UNK|UNK|UNK a|UNK|UNK|UNK rental|UNK|UNK|UNK incurs|UNK|UNK|UNK a|UNK|UNK|UNK recovery|UNK|UNK|UNK charge|UNK|UNK|UNK if|UNK|UNK|UNK the rental|UNK|UNK|UNK has|UNK|UNK|UNK a|UNK|UNK|UNK recovery|UNK|UNK|UNK location|UNK|UNK|UNK .|UNK|UNK|UNK [111111111111111111]  [total=-1599.395] core=(-1600.000,-18.000,18.000,-1.569,0.000,-1.569,0.000,-3.076,0.000,0.000,-3.076,0.000,0.000,0.000,-32.687)  
Line 28: Decision rule took 0.000 seconds total
Line 28: Additional reporting took 0.002 seconds total
Line 28: Translation took 0.022 seconds total
Translating: it is obligatory that a rental incurs a recovery charge if the rental has a recovery location . 
Line 29: Initialize search took 0.000 seconds total
Line 29: Collecting options took 0.000 seconds at moses/Manager.cpp Line 141
Line 29: Search took 0.020 seconds
BEST TRANSLATION: it|UNK|UNK|UNK further obligatory|UNK|UNK|UNK that|UNK|UNK|UNK a|UNK|UNK|UNK rental|UNK|UNK|UNK incurs|UNK|UNK|UNK a|UNK|UNK|UNK recovery|UNK|UNK|UNK charge|UNK|UNK|UNK if|UNK|UNK|UNK the rental|UNK|UNK|UNK has|UNK|UNK|UNK a|UNK|UNK|UNK recovery|UNK|UNK|UNK location|UNK|UNK|UNK .|UNK|UNK|UNK [111111111111111111]  [total=-1599.395] core=(-1600.000,-18.000,18.000,-1.569,0.000,-1.569,0.000,-3.076,0.000,0.000,-3.076,0.000,0.000,0.000,-32.687)  
Line 29: Decision rule took 0.000 seconds total
Line 29: Additional reporting took 0.002 seconds total
Line 29: Translation took 0.023 seconds total
Translating: it is prohibited that the duration of each rental period is more than 90 rental days . 
Line 30: Initialize search took 0.000 seconds total
Line 30: Collecting options took 0.000 seconds at moses/Manager.cpp Line 141
Line 30: Search took 0.016 seconds
BEST TRANSLATION: it|UNK|UNK|UNK further prohibited|UNK|UNK|UNK that|UNK|UNK|UNK the duration|UNK|UNK|UNK of|UNK|UNK|UNK each|UNK|UNK|UNK rental|UNK|UNK|UNK period|UNK|UNK|UNK further more|UNK|UNK|UNK than|UNK|UNK|UNK 90|UNK|UNK|UNK rental|UNK|UNK|UNK days|UNK|UNK|UNK .|UNK|UNK|UNK [11111111111111111]  [total=-1400.608] core=(-1400.000,-17.000,17.000,-2.262,0.000,-2.262,0.000,-4.685,0.000,0.000,-4.685,0.000,0.000,0.000,-38.961)  
Line 30: Decision rule took 0.000 seconds total
Line 30: Additional reporting took 0.003 seconds total
Line 30: Translation took 0.020 seconds total
Translating: it is prohibited that the duration of each rental period is more than 90 rental days . 
Line 31: Initialize search took 0.000 seconds total
Line 31: Collecting options took 0.000 seconds at moses/Manager.cpp Line 141
Line 31: Search took 0.016 seconds
BEST TRANSLATION: it|UNK|UNK|UNK further prohibited|UNK|UNK|UNK that|UNK|UNK|UNK the duration|UNK|UNK|UNK of|UNK|UNK|UNK each|UNK|UNK|UNK rental|UNK|UNK|UNK period|UNK|UNK|UNK further more|UNK|UNK|UNK than|UNK|UNK|UNK 90|UNK|UNK|UNK rental|UNK|UNK|UNK days|UNK|UNK|UNK .|UNK|UNK|UNK [11111111111111111]  [total=-1400.608] core=(-1400.000,-17.000,17.000,-2.262,0.000,-2.262,0.000,-4.685,0.000,0.000,-4.685,0.000,0.000,0.000,-38.961)  
Line 31: Decision rule took 0.000 seconds total
Line 31: Additional reporting took 0.003 seconds total
Line 31: Translation took 0.020 seconds total
Translating: it is prohibited that the duration of each rental period is more than 90 rental days . 
Line 32: Initialize search took 0.000 seconds total
Line 32: Collecting options took 0.000 seconds at moses/Manager.cpp Line 141
Line 32: Search took 0.016 seconds
BEST TRANSLATION: it|UNK|UNK|UNK further prohibited|UNK|UNK|UNK that|UNK|UNK|UNK the duration|UNK|UNK|UNK of|UNK|UNK|UNK each|UNK|UNK|UNK rental|UNK|UNK|UNK period|UNK|UNK|UNK further more|UNK|UNK|UNK than|UNK|UNK|UNK 90|UNK|UNK|UNK rental|UNK|UNK|UNK days|UNK|UNK|UNK .|UNK|UNK|UNK [11111111111111111]  [total=-1400.608] core=(-1400.000,-17.000,17.000,-2.262,0.000,-2.262,0.000,-4.685,0.000,0.000,-4.685,0.000,0.000,0.000,-38.961)  
Line 32: Decision rule took 0.000 seconds total
Line 32: Additional reporting took 0.003 seconds total
Line 32: Translation took 0.020 seconds total
Translating: if the renter who is responsible for some rental1 is responsible for another rental2 then it is obligatory that the rental period of rental1 does not overlap the rental period of rental2 . 
Line 33: Initialize search took 0.001 seconds total
Line 33: Collecting options took 0.000 seconds at moses/Manager.cpp Line 141
Line 33: Search took 0.044 seconds
BEST TRANSLATION: if|UNK|UNK|UNK the renter|UNK|UNK|UNK who|UNK|UNK|UNK further responsible|UNK|UNK|UNK for|UNK|UNK|UNK some|UNK|UNK|UNK rental1|UNK|UNK|UNK further responsible|UNK|UNK|UNK for|UNK|UNK|UNK another|UNK|UNK|UNK rental2|UNK|UNK|UNK then|UNK|UNK|UNK it|UNK|UNK|UNK further obligatory|UNK|UNK|UNK that|UNK|UNK|UNK the rental|UNK|UNK|UNK period|UNK|UNK|UNK of|UNK|UNK|UNK rental1|UNK|UNK|UNK does|UNK|UNK|UNK not|UNK|UNK|UNK overlap|UNK|UNK|UNK the rental|UNK|UNK|UNK period|UNK|UNK|UNK of|UNK|UNK|UNK rental2|UNK|UNK|UNK .|UNK|UNK|UNK [111111111111111111111111111111111]  [total=-2700.806] core=(-2700.000,-33.000,33.000,-4.706,0.000,-4.706,0.000,-9.227,0.000,0.000,-9.227,0.000,0.000,0.000,-71.783)  
Line 33: Decision rule took 0.000 seconds total
Line 33: Additional reporting took 0.009 seconds total
Line 33: Translation took 0.053 seconds total
Translating: if the renter who is responsible for some rental1 is responsible for another rental2 then it is obligatory that the rental period of rental1 does not overlap the rental period of rental2 . 
Line 34: Initialize search took 0.001 seconds total
Line 34: Collecting options took 0.000 seconds at moses/Manager.cpp Line 141
Line 34: Search took 0.044 seconds
BEST TRANSLATION: if|UNK|UNK|UNK the renter|UNK|UNK|UNK who|UNK|UNK|UNK further responsible|UNK|UNK|UNK for|UNK|UNK|UNK some|UNK|UNK|UNK rental1|UNK|UNK|UNK further responsible|UNK|UNK|UNK for|UNK|UNK|UNK another|UNK|UNK|UNK rental2|UNK|UNK|UNK then|UNK|UNK|UNK it|UNK|UNK|UNK further obligatory|UNK|UNK|UNK that|UNK|UNK|UNK the rental|UNK|UNK|UNK period|UNK|UNK|UNK of|UNK|UNK|UNK rental1|UNK|UNK|UNK does|UNK|UNK|UNK not|UNK|UNK|UNK overlap|UNK|UNK|UNK the rental|UNK|UNK|UNK period|UNK|UNK|UNK of|UNK|UNK|UNK rental2|UNK|UNK|UNK .|UNK|UNK|UNK [111111111111111111111111111111111]  [total=-2700.806] core=(-2700.000,-33.000,33.000,-4.706,0.000,-4.706,0.000,-9.227,0.000,0.000,-9.227,0.000,0.000,0.000,-71.783)  
Line 34: Decision rule took 0.000 seconds total
Line 34: Additional reporting took 0.009 seconds total
Line 34: Translation took 0.054 seconds total
Translating: if a rental car is due for service then it is obligatory that the rental car is scheduled for a scheduled service . 
Line 35: Initialize search took 0.000 seconds total
Line 35: Collecting options took 0.000 seconds at moses/Manager.cpp Line 141
Line 35: Search took 0.025 seconds
BEST TRANSLATION: if|UNK|UNK|UNK a|UNK|UNK|UNK rental|UNK|UNK|UNK car|UNK|UNK|UNK further due|UNK|UNK|UNK for|UNK|UNK|UNK service|UNK|UNK|UNK then|UNK|UNK|UNK it|UNK|UNK|UNK further obligatory|UNK|UNK|UNK that|UNK|UNK|UNK the rental|UNK|UNK|UNK car|UNK|UNK|UNK further scheduled|UNK|UNK|UNK for|UNK|UNK|UNK a|UNK|UNK|UNK scheduled|UNK|UNK|UNK service|UNK|UNK|UNK .|UNK|UNK|UNK [11111111111111111111111]  [total=-1901.591] core=(-1900.000,-23.000,23.000,-2.955,0.000,-2.955,0.000,-6.295,0.000,0.000,-6.295,0.000,0.000,0.000,-59.919)  
Line 35: Decision rule took 0.000 seconds total
Line 35: Additional reporting took 0.009 seconds total
Line 35: Translation took 0.035 seconds total
Translating: it is obligatory that the odometer reading of a rental car is not greater than ( the service mileage of the rental car + 500 miles ) . 
Line 36: Initialize search took 0.000 seconds total
Line 36: Collecting options took 0.000 seconds at moses/Manager.cpp Line 141
Line 36: Search took 0.050 seconds
BEST TRANSLATION: it|UNK|UNK|UNK further obligatory|UNK|UNK|UNK that|UNK|UNK|UNK the odometer|UNK|UNK|UNK reading|UNK|UNK|UNK of|UNK|UNK|UNK a|UNK|UNK|UNK rental|UNK|UNK|UNK car|UNK|UNK|UNK further not|UNK|UNK|UNK greater|UNK|UNK|UNK than|UNK|UNK|UNK (|UNK|UNK|UNK the service|UNK|UNK|UNK mileage|UNK|UNK|UNK of|UNK|UNK|UNK the rental|UNK|UNK|UNK car|UNK|UNK|UNK +|UNK|UNK|UNK 500|UNK|UNK|UNK miles|UNK|UNK|UNK )|UNK|UNK|UNK .|UNK|UNK|UNK [1111111111111111111111111111]  [total=-2299.401] core=(-2300.000,-28.000,28.000,-4.013,0.000,-4.013,0.000,-7.618,0.000,0.000,-7.618,0.000,0.000,0.000,-49.338)  
Line 36: Decision rule took 0.000 seconds total
Line 36: Additional reporting took 0.004 seconds total
Line 36: Translation took 0.054 seconds total
Translating: if the rented car of an open rental is due for service or is in need of repair then it is obligatory that the rental incurs a car exchange during rental . 
Line 37: Initialize search took 0.001 seconds total
Line 37: Collecting options took 0.000 seconds at moses/Manager.cpp Line 141
Line 37: Search took 0.039 seconds
BEST TRANSLATION: if|UNK|UNK|UNK the rented|UNK|UNK|UNK car|UNK|UNK|UNK of|UNK|UNK|UNK an|UNK|UNK|UNK open|UNK|UNK|UNK rental|UNK|UNK|UNK further due|UNK|UNK|UNK for|UNK|UNK|UNK service|UNK|UNK|UNK or|UNK|UNK|UNK further in|UNK|UNK|UNK need|UNK|UNK|UNK of|UNK|UNK|UNK repair|UNK|UNK|UNK then|UNK|UNK|UNK it|UNK|UNK|UNK further obligatory|UNK|UNK|UNK that|UNK|UNK|UNK the rental|UNK|UNK|UNK incurs|UNK|UNK|UNK a|UNK|UNK|UNK car|UNK|UNK|UNK exchange|UNK|UNK|UNK during|UNK|UNK|UNK rental|UNK|UNK|UNK .|UNK|UNK|UNK [11111111111111111111111111111111]  [total=-2700.430] core=(-2700.000,-32.000,32.000,-3.830,0.000,-3.830,0.000,-7.761,0.000,0.000,-7.761,0.000,0.000,0.000,-68.375)  
Line 37: Decision rule took 0.000 seconds total
Line 37: Additional reporting took 0.011 seconds total
Line 37: Translation took 0.051 seconds total
Translating: if the rented car of an open rental is due for service or is in need of repair then it is obligatory that the rental incurs a car exchange during rental . 
Line 38: Initialize search took 0.001 seconds total
Line 38: Collecting options took 0.000 seconds at moses/Manager.cpp Line 141
Line 38: Search took 0.038 seconds
BEST TRANSLATION: if|UNK|UNK|UNK the rented|UNK|UNK|UNK car|UNK|UNK|UNK of|UNK|UNK|UNK an|UNK|UNK|UNK open|UNK|UNK|UNK rental|UNK|UNK|UNK further due|UNK|UNK|UNK for|UNK|UNK|UNK service|UNK|UNK|UNK or|UNK|UNK|UNK further in|UNK|UNK|UNK need|UNK|UNK|UNK of|UNK|UNK|UNK repair|UNK|UNK|UNK then|UNK|UNK|UNK it|UNK|UNK|UNK further obligatory|UNK|UNK|UNK that|UNK|UNK|UNK the rental|UNK|UNK|UNK incurs|UNK|UNK|UNK a|UNK|UNK|UNK car|UNK|UNK|UNK exchange|UNK|UNK|UNK during|UNK|UNK|UNK rental|UNK|UNK|UNK .|UNK|UNK|UNK [11111111111111111111111111111111]  [total=-2700.430] core=(-2700.000,-32.000,32.000,-3.830,0.000,-3.830,0.000,-7.761,0.000,0.000,-7.761,0.000,0.000,0.000,-68.375)  
Line 38: Decision rule took 0.000 seconds total
Line 38: Additional reporting took 0.011 seconds total
Line 38: Translation took 0.050 seconds total
Translating: it is possible that the notification date-time of a bad experience is after the actual return date-time of the rental that includes the bad experience . 
Line 39: Initialize search took 0.001 seconds total
Line 39: Collecting options took 0.000 seconds at moses/Manager.cpp Line 141
Line 39: Search took 0.048 seconds
BEST TRANSLATION: it|UNK|UNK|UNK further possible|UNK|UNK|UNK that|UNK|UNK|UNK the notification|UNK|UNK|UNK date-time|UNK|UNK|UNK of|UNK|UNK|UNK a|UNK|UNK|UNK bad|UNK|UNK|UNK experience|UNK|UNK|UNK further after|UNK|UNK|UNK the actual|UNK|UNK|UNK return|UNK|UNK|UNK date-time|UNK|UNK|UNK of|UNK|UNK|UNK the rental|UNK|UNK|UNK that|UNK|UNK|UNK includes|UNK|UNK|UNK the bad|UNK|UNK|UNK experience|UNK|UNK|UNK .|UNK|UNK|UNK [11111111111111111111111111]  [total=-1999.806] core=(-2000.000,-26.000,26.000,-4.888,0.000,-4.888,0.000,-9.084,0.000,0.000,-9.084,0.000,0.000,0.000,-45.802)  
Line 39: Decision rule took 0.000 seconds total
Line 39: Additional reporting took 0.007 seconds total
Line 39: Translation took 0.056 seconds total
Translating: it is permitted that the moved car that is included in a car transfer is in need of service . 
Line 40: Initialize search took 0.000 seconds total
Line 40: Collecting options took 0.000 seconds at moses/Manager.cpp Line 141
Line 40: Search took 0.020 seconds
BEST TRANSLATION: it|UNK|UNK|UNK further permitted|UNK|UNK|UNK that|UNK|UNK|UNK the moved|UNK|UNK|UNK car|UNK|UNK|UNK that|UNK|UNK|UNK further included|UNK|UNK|UNK in|UNK|UNK|UNK a|UNK|UNK|UNK car|UNK|UNK|UNK transfer|UNK|UNK|UNK further in|UNK|UNK|UNK need|UNK|UNK|UNK of|UNK|UNK|UNK service|UNK|UNK|UNK .|UNK|UNK|UNK [11111111111111111111]  [total=-1602.136] core=(-1600.000,-20.000,20.000,-2.955,0.000,-2.955,0.000,-6.295,0.000,0.000,-6.295,0.000,0.000,0.000,-57.739)  
Line 40: Decision rule took 0.000 seconds total
Line 40: Additional reporting took 0.005 seconds total
Line 40: Translation took 0.026 seconds total
Translating: it is permitted that a renter is responsible for more than one advance rental . 
Line 41: Initialize search took 0.000 seconds total
Line 41: Collecting options took 0.000 seconds at moses/Manager.cpp Line 141
Line 41: Search took 0.009 seconds
BEST TRANSLATION: it|UNK|UNK|UNK further permitted|UNK|UNK|UNK that|UNK|UNK|UNK a|UNK|UNK|UNK renter|UNK|UNK|UNK further responsible|UNK|UNK|UNK for|UNK|UNK|UNK more|UNK|UNK|UNK than|UNK|UNK|UNK one|UNK|UNK|UNK advance|UNK|UNK|UNK rental|UNK|UNK|UNK .|UNK|UNK|UNK [111111111111111]  [total=-1300.811] core=(-1300.000,-15.000,15.000,-1.386,0.000,-1.386,0.000,-3.219,0.000,0.000,-3.219,0.000,0.000,0.000,-38.493)  
Line 41: Decision rule took 0.000 seconds total
Line 41: Additional reporting took 0.002 seconds total
Line 41: Translation took 0.011 seconds total
Translating: it is permitted that the renter who is responsible for a rental1 is an additional driver who is authorized for another rental2 . 
Line 42: Initialize search took 0.000 seconds total
Line 42: Collecting options took 0.000 seconds at moses/Manager.cpp Line 141
Line 42: Search took 0.021 seconds
BEST TRANSLATION: it|UNK|UNK|UNK further permitted|UNK|UNK|UNK that|UNK|UNK|UNK the renter|UNK|UNK|UNK who|UNK|UNK|UNK further responsible|UNK|UNK|UNK for|UNK|UNK|UNK a|UNK|UNK|UNK rental1|UNK|UNK|UNK further an|UNK|UNK|UNK additional|UNK|UNK|UNK driver|UNK|UNK|UNK who|UNK|UNK|UNK further authorized|UNK|UNK|UNK for|UNK|UNK|UNK another|UNK|UNK|UNK rental2|UNK|UNK|UNK .|UNK|UNK|UNK [11111111111111111111111]  [total=-1803.276] core=(-1800.000,-23.000,23.000,-3.648,0.000,-3.648,0.000,-7.904,0.000,0.000,-7.904,0.000,0.000,0.000,-72.939)  
Line 42: Decision rule took 0.000 seconds total
Line 42: Additional reporting took 0.007 seconds total
Line 42: Translation took 0.029 seconds total
Translating: it is permitted that the drop-off branch of a rental is not the return branch of the rental . 
Line 43: Initialize search took 0.000 seconds total
Line 43: Collecting options took 0.000 seconds at moses/Manager.cpp Line 141
Line 43: Search took 0.029 seconds
BEST TRANSLATION: it|UNK|UNK|UNK further permitted|UNK|UNK|UNK that|UNK|UNK|UNK the drop-off|UNK|UNK|UNK branch|UNK|UNK|UNK of|UNK|UNK|UNK a|UNK|UNK|UNK rental|UNK|UNK|UNK further not|UNK|UNK|UNK the return|UNK|UNK|UNK branch|UNK|UNK|UNK of|UNK|UNK|UNK the rental|UNK|UNK|UNK .|UNK|UNK|UNK [1111111111111111111]  [total=-1401.011] core=(-1400.000,-19.000,19.000,-4.013,0.000,-4.013,0.000,-7.618,0.000,0.000,-7.618,0.000,0.000,0.000,-42.544)  
Line 43: Decision rule took 0.000 seconds total
Line 43: Additional reporting took 0.005 seconds total
Line 43: Translation took 0.034 seconds total
Translating: it is obligatory that each driver who is authorized for a rental is qualified . 
Line 44: Initialize search took 0.000 seconds total
Line 44: Collecting options took 0.000 seconds at moses/Manager.cpp Line 141
Line 44: Search took 0.009 seconds
BEST TRANSLATION: it|UNK|UNK|UNK further obligatory|UNK|UNK|UNK that|UNK|UNK|UNK each|UNK|UNK|UNK driver|UNK|UNK|UNK who|UNK|UNK|UNK further authorized|UNK|UNK|UNK for|UNK|UNK|UNK a|UNK|UNK|UNK rental|UNK|UNK|UNK further qualified|UNK|UNK|UNK .|UNK|UNK|UNK [111111111111111]  [total=-1202.661] core=(-1200.000,-15.000,15.000,-2.079,0.000,-2.079,0.000,-4.828,0.000,0.000,-4.828,0.000,0.000,0.000,-53.019)  
Line 44: Decision rule took 0.000 seconds total
Line 44: Additional reporting took 0.005 seconds total
Line 44: Translation took 0.015 seconds total
Translating: it is necessary that the rental price has exactly one rental period . 
Line 45: Initialize search took 0.000 seconds total
Line 45: Collecting options took 0.000 seconds at moses/Manager.cpp Line 141
Line 45: Search took 0.012 seconds
BEST TRANSLATION: it|UNK|UNK|UNK further necessary|UNK|UNK|UNK that|UNK|UNK|UNK the rental|UNK|UNK|UNK price|UNK|UNK|UNK has|UNK|UNK|UNK exactly|UNK|UNK|UNK one|UNK|UNK|UNK rental|UNK|UNK|UNK period|UNK|UNK|UNK .|UNK|UNK|UNK [1111111111111]  [total=-1099.793] core=(-1100.000,-13.000,13.000,-1.569,0.000,-1.569,0.000,-3.076,0.000,0.000,-3.076,0.000,0.000,0.000,-24.353)  
Line 45: Decision rule took 0.000 seconds total
Line 45: Additional reporting took 0.002 seconds total
Line 45: Translation took 0.015 seconds total
Translating: it is necessary that the rental price of a rental is calculated in the business currency of the rental . 
Line 46: Initialize search took 0.000 seconds total
Line 46: Collecting options took 0.000 seconds at moses/Manager.cpp Line 141
Line 46: Search took 0.030 seconds
BEST TRANSLATION: it|UNK|UNK|UNK further necessary|UNK|UNK|UNK that|UNK|UNK|UNK the rental|UNK|UNK|UNK price|UNK|UNK|UNK of|UNK|UNK|UNK a|UNK|UNK|UNK rental|UNK|UNK|UNK further calculated|UNK|UNK|UNK in|UNK|UNK|UNK the business|UNK|UNK|UNK currency|UNK|UNK|UNK of|UNK|UNK|UNK the rental|UNK|UNK|UNK .|UNK|UNK|UNK [11111111111111111111]  [total=-1500.740] core=(-1500.000,-20.000,20.000,-4.013,0.000,-4.013,0.000,-7.618,0.000,0.000,-7.618,0.000,0.000,0.000,-42.459)  
Line 46: Decision rule took 0.000 seconds total
Line 46: Additional reporting took 0.004 seconds total
Line 46: Translation took 0.035 seconds total
Translating: it is necessary that at the drop-off date-time of an in-country car movement the local area that manages the receiving branch of the car movement becomes the rental car owner of the moved car that is included in the car movement . 
Line 47: Initialize search took 0.001 seconds total
Line 47: Collecting options took 0.001 seconds at moses/Manager.cpp Line 141
Line 47: Search took 0.094 seconds
BEST TRANSLATION: it|UNK|UNK|UNK further necessary|UNK|UNK|UNK that|UNK|UNK|UNK at the drop-off|UNK|UNK|UNK date-time|UNK|UNK|UNK of|UNK|UNK|UNK an|UNK|UNK|UNK in-country|UNK|UNK|UNK car|UNK|UNK|UNK movement|UNK|UNK|UNK the local|UNK|UNK|UNK area|UNK|UNK|UNK that|UNK|UNK|UNK manages|UNK|UNK|UNK the receiving|UNK|UNK|UNK branch|UNK|UNK|UNK of|UNK|UNK|UNK the car|UNK|UNK|UNK movement|UNK|UNK|UNK becomes|UNK|UNK|UNK the rental|UNK|UNK|UNK car|UNK|UNK|UNK owner|UNK|UNK|UNK of|UNK|UNK|UNK the moved|UNK|UNK|UNK car|UNK|UNK|UNK that|UNK|UNK|UNK further included|UNK|UNK|UNK in|UNK|UNK|UNK the car|UNK|UNK|UNK movement|UNK|UNK|UNK .|UNK|UNK|UNK [111111111111111111111111111111111111111111]  [total=-3198.576] core=(-3200.000,-42.000,42.000,-7.515,-0.405,-7.515,-0.405,-15.093,0.000,0.000,-15.093,0.000,0.000,0.000,-63.259)  
Line 47: Decision rule took 0.000 seconds total
Line 47: Additional reporting took 0.010 seconds total
Line 47: Translation took 0.105 seconds total
Translating: it is permitted that the drop-off branch of a rental is not the return branch of the rental . 
Line 48: Initialize search took 0.000 seconds total
Line 48: Collecting options took 0.000 seconds at moses/Manager.cpp Line 141
Line 48: Search took 0.029 seconds
BEST TRANSLATION: it|UNK|UNK|UNK further permitted|UNK|UNK|UNK that|UNK|UNK|UNK the drop-off|UNK|UNK|UNK branch|UNK|UNK|UNK of|UNK|UNK|UNK a|UNK|UNK|UNK rental|UNK|UNK|UNK further not|UNK|UNK|UNK the return|UNK|UNK|UNK branch|UNK|UNK|UNK of|UNK|UNK|UNK the rental|UNK|UNK|UNK .|UNK|UNK|UNK [1111111111111111111]  [total=-1401.011] core=(-1400.000,-19.000,19.000,-4.013,0.000,-4.013,0.000,-7.618,0.000,0.000,-7.618,0.000,0.000,0.000,-42.544)  
Line 48: Decision rule took 0.000 seconds total
Line 48: Additional reporting took 0.005 seconds total
Line 48: Translation took 0.035 seconds total
Translating: it is obligatory that the moved car that is included in a car movement is included in the car group that is claimed by the car movement . 
Line 49: Initialize search took 0.000 seconds total
Line 49: Collecting options took 0.000 seconds at moses/Manager.cpp Line 141
Line 49: Search took 0.043 seconds
BEST TRANSLATION: it|UNK|UNK|UNK further obligatory|UNK|UNK|UNK that|UNK|UNK|UNK the moved|UNK|UNK|UNK car|UNK|UNK|UNK that|UNK|UNK|UNK further included|UNK|UNK|UNK in|UNK|UNK|UNK a|UNK|UNK|UNK car|UNK|UNK|UNK movement|UNK|UNK|UNK further included|UNK|UNK|UNK in|UNK|UNK|UNK the car|UNK|UNK|UNK group|UNK|UNK|UNK that|UNK|UNK|UNK further claimed|UNK|UNK|UNK by|UNK|UNK|UNK the car|UNK|UNK|UNK movement|UNK|UNK|UNK .|UNK|UNK|UNK [1111111111111111111111111111]  [total=-2102.934] core=(-2100.000,-28.000,28.000,-5.399,0.000,-5.399,0.000,-10.837,0.000,0.000,-10.837,0.000,0.000,0.000,-76.868)  
Line 49: Decision rule took 0.000 seconds total
Line 49: Additional reporting took 0.007 seconds total
Line 49: Translation took 0.051 seconds total
Translating: it is obligatory that the country that contains the EU-Rent site that is location of the receiving branch of each inward international car movement is the country of registration of the moved car of the car movement . 
Line 50: Initialize search took 0.001 seconds total
Line 50: Collecting options took 0.000 seconds at moses/Manager.cpp Line 141
Line 50: Search took 0.078 seconds
BEST TRANSLATION: it|UNK|UNK|UNK further obligatory|UNK|UNK|UNK that|UNK|UNK|UNK the country|UNK|UNK|UNK that|UNK|UNK|UNK contains|UNK|UNK|UNK the EU-Rent|UNK|UNK|UNK site|UNK|UNK|UNK that|UNK|UNK|UNK further location|UNK|UNK|UNK of|UNK|UNK|UNK the receiving|UNK|UNK|UNK branch|UNK|UNK|UNK of|UNK|UNK|UNK each|UNK|UNK|UNK inward|UNK|UNK|UNK international|UNK|UNK|UNK car|UNK|UNK|UNK movement|UNK|UNK|UNK further the country|UNK|UNK|UNK of|UNK|UNK|UNK registration|UNK|UNK|UNK of|UNK|UNK|UNK the moved|UNK|UNK|UNK car|UNK|UNK|UNK of|UNK|UNK|UNK the car|UNK|UNK|UNK movement|UNK|UNK|UNK .|UNK|UNK|UNK [11111111111111111111111111111111111111]  [total=-2900.206] core=(-2900.000,-38.000,38.000,-7.332,0.000,-7.332,0.000,-13.626,0.000,0.000,-13.626,0.000,0.000,0.000,-70.884)  
Line 50: Decision rule took 0.000 seconds total
Line 50: Additional reporting took 0.011 seconds total
Line 50: Translation took 0.090 seconds total
Translating: it is obligatory that the country that contains the EU-Rent site that is location of the receiving branch of each inward international car movement is the country of registration of the moved car of the car movement . 
Line 51: Initialize search took 0.001 seconds total
Line 51: Collecting options took 0.000 seconds at moses/Manager.cpp Line 141
Line 51: Search took 0.079 seconds
BEST TRANSLATION: it|UNK|UNK|UNK further obligatory|UNK|UNK|UNK that|UNK|UNK|UNK the country|UNK|UNK|UNK that|UNK|UNK|UNK contains|UNK|UNK|UNK the EU-Rent|UNK|UNK|UNK site|UNK|UNK|UNK that|UNK|UNK|UNK further location|UNK|UNK|UNK of|UNK|UNK|UNK the receiving|UNK|UNK|UNK branch|UNK|UNK|UNK of|UNK|UNK|UNK each|UNK|UNK|UNK inward|UNK|UNK|UNK international|UNK|UNK|UNK car|UNK|UNK|UNK movement|UNK|UNK|UNK further the country|UNK|UNK|UNK of|UNK|UNK|UNK registration|UNK|UNK|UNK of|UNK|UNK|UNK the moved|UNK|UNK|UNK car|UNK|UNK|UNK of|UNK|UNK|UNK the car|UNK|UNK|UNK movement|UNK|UNK|UNK .|UNK|UNK|UNK [11111111111111111111111111111111111111]  [total=-2900.206] core=(-2900.000,-38.000,38.000,-7.332,0.000,-7.332,0.000,-13.626,0.000,0.000,-13.626,0.000,0.000,0.000,-70.884)  
Line 51: Decision rule took 0.000 seconds total
Line 51: Additional reporting took 0.012 seconds total
Line 51: Translation took 0.092 seconds total
Name:moses	VmPeak:162504 kB	VmRSS:4600 kB	RSSMax:35056 kB	user:3.706	sys:0.304	CPU:4.010	real:4.012
The decoder returns the scores in this order: LexicalReordering0 LexicalReordering0 LexicalReordering0 LexicalReordering0 LexicalReordering0 LexicalReordering0 Distortion0 LM0 WordPenalty0 PhrasePenalty0 TranslationModel0 TranslationModel0 TranslationModel0 TranslationModel0
Executing: gzip -f run1.best100.out
Scoring the nbestlist.
exec: /home/hgkumbhare/working/mert-work/extractor.sh
Executing: /home/hgkumbhare/working/mert-work/extractor.sh > extract.out 2> extract.err
Exit code: 1
ERROR: Failed to run '/home/hgkumbhare/working/mert-work/extractor.sh'. at /home/hgkumbhare/mosesdecoder/scripts/training/mert-moses.pl line 1748.
