Using SCRIPTS_ROOTDIR: /home/hgkumbhare/mosesdecoder/scripts
Using single-thread GIZA
using gzip 
(1) preparing corpus @ Wed Mar 22 16:41:54 IST 2017
Executing: mkdir -p /home/hgkumbhare/working/train/corpus
(1.0) selecting factors @ Wed Mar 22 16:41:54 IST 2017
(1.1) running mkcls  @ Wed Mar 22 16:41:54 IST 2017
/home/hgkumbhare/mosesdecoder/tools/mkcls -c50 -n2 -p/home/hgkumbhare/corpus/nl_file.en -V/home/hgkumbhare/working/train/corpus/en.vcb.classes opt
  /home/hgkumbhare/working/train/corpus/en.vcb.classes already in place, reusing
(1.1) running mkcls  @ Wed Mar 22 16:41:54 IST 2017
/home/hgkumbhare/mosesdecoder/tools/mkcls -c50 -n2 -p/home/hgkumbhare/corpus/nl_file.en -V/home/hgkumbhare/working/train/corpus/en.vcb.classes opt
  /home/hgkumbhare/working/train/corpus/en.vcb.classes already in place, reusing
(1.2) creating vcb file /home/hgkumbhare/working/train/corpus/en.vcb @ Wed Mar 22 16:41:54 IST 2017
(1.2) creating vcb file /home/hgkumbhare/working/train/corpus/en.vcb @ Wed Mar 22 16:41:54 IST 2017
(1.3) numberizing corpus /home/hgkumbhare/working/train/corpus/en-en-int-train.snt @ Wed Mar 22 16:41:54 IST 2017
  /home/hgkumbhare/working/train/corpus/en-en-int-train.snt already in place, reusing
(1.3) numberizing corpus /home/hgkumbhare/working/train/corpus/en-en-int-train.snt @ Wed Mar 22 16:41:54 IST 2017
  /home/hgkumbhare/working/train/corpus/en-en-int-train.snt already in place, reusing
(2) running giza @ Wed Mar 22 16:41:54 IST 2017
(2.1a) running snt2cooc en-en @ Wed Mar 22 16:41:54 IST 2017

Executing: mkdir -p /home/hgkumbhare/working/train/giza.en-en
Executing: /home/hgkumbhare/mosesdecoder/tools/snt2cooc.out /home/hgkumbhare/working/train/corpus/en.vcb /home/hgkumbhare/working/train/corpus/en.vcb /home/hgkumbhare/working/train/corpus/en-en-int-train.snt > /home/hgkumbhare/working/train/giza.en-en/en-en.cooc
/home/hgkumbhare/mosesdecoder/tools/snt2cooc.out /home/hgkumbhare/working/train/corpus/en.vcb /home/hgkumbhare/working/train/corpus/en.vcb /home/hgkumbhare/working/train/corpus/en-en-int-train.snt > /home/hgkumbhare/working/train/giza.en-en/en-en.cooc
END.
(2.1b) running giza en-en @ Wed Mar 22 16:41:54 IST 2017
/home/hgkumbhare/mosesdecoder/tools/GIZA++  -CoocurrenceFile /home/hgkumbhare/working/train/giza.en-en/en-en.cooc -c /home/hgkumbhare/working/train/corpus/en-en-int-train.snt -m1 5 -m2 0 -m3 3 -m4 3 -model1dumpfrequency 1 -model4smoothfactor 0.4 -nodumps 1 -nsmooth 4 -o /home/hgkumbhare/working/train/giza.en-en/en-en -onlyaldumps 1 -p0 0.999 -s /home/hgkumbhare/working/train/corpus/en.vcb -t /home/hgkumbhare/working/train/corpus/en.vcb
  /home/hgkumbhare/working/train/giza.en-en/en-en.A3.final.gz seems finished, reusing.
(2.1a) running snt2cooc en-en @ Wed Mar 22 16:41:54 IST 2017

Executing: mkdir -p /home/hgkumbhare/working/train/giza.en-en
Executing: /home/hgkumbhare/mosesdecoder/tools/snt2cooc.out /home/hgkumbhare/working/train/corpus/en.vcb /home/hgkumbhare/working/train/corpus/en.vcb /home/hgkumbhare/working/train/corpus/en-en-int-train.snt > /home/hgkumbhare/working/train/giza.en-en/en-en.cooc
/home/hgkumbhare/mosesdecoder/tools/snt2cooc.out /home/hgkumbhare/working/train/corpus/en.vcb /home/hgkumbhare/working/train/corpus/en.vcb /home/hgkumbhare/working/train/corpus/en-en-int-train.snt > /home/hgkumbhare/working/train/giza.en-en/en-en.cooc
END.
(2.1b) running giza en-en @ Wed Mar 22 16:41:54 IST 2017
/home/hgkumbhare/mosesdecoder/tools/GIZA++  -CoocurrenceFile /home/hgkumbhare/working/train/giza.en-en/en-en.cooc -c /home/hgkumbhare/working/train/corpus/en-en-int-train.snt -m1 5 -m2 0 -m3 3 -m4 3 -model1dumpfrequency 1 -model4smoothfactor 0.4 -nodumps 1 -nsmooth 4 -o /home/hgkumbhare/working/train/giza.en-en/en-en -onlyaldumps 1 -p0 0.999 -s /home/hgkumbhare/working/train/corpus/en.vcb -t /home/hgkumbhare/working/train/corpus/en.vcb
  /home/hgkumbhare/working/train/giza.en-en/en-en.A3.final.gz seems finished, reusing.
(3) generate word alignment @ Wed Mar 22 16:41:54 IST 2017
Combining forward and inverted alignment from files:
  /home/hgkumbhare/working/train/giza.en-en/en-en.A3.final.{bz2,gz}
  /home/hgkumbhare/working/train/giza.en-en/en-en.A3.final.{bz2,gz}
Executing: mkdir -p /home/hgkumbhare/working/train/model
Executing: /home/hgkumbhare/mosesdecoder/scripts/training/giza2bal.pl -d "gzip -cd /home/hgkumbhare/working/train/giza.en-en/en-en.A3.final.gz" -i "gzip -cd /home/hgkumbhare/working/train/giza.en-en/en-en.A3.final.gz" |/home/hgkumbhare/mosesdecoder/scripts/../bin/symal -alignment="grow" -diagonal="yes" -final="yes" -both="yes" > /home/hgkumbhare/working/train/model/aligned.grow-diag-final-and
symal: computing grow alignment: diagonal (1) final (1)both-uncovered (1)
skip=<0> counts=<3>
(4) generate lexical translation table 0-0 @ Wed Mar 22 16:41:54 IST 2017
(/home/hgkumbhare/corpus/nl_file.en,/home/hgkumbhare/corpus/nl_file.en,/home/hgkumbhare/working/train/model/lex)
  reusing: /home/hgkumbhare/working/train/model/lex.f2e and /home/hgkumbhare/working/train/model/lex.e2f
(5) extract phrases @ Wed Mar 22 16:41:54 IST 2017
/home/hgkumbhare/mosesdecoder/scripts/generic/extract-parallel.perl 4 split "sort    " /home/hgkumbhare/mosesdecoder/scripts/../bin/extract /home/hgkumbhare/corpus/nl_file.en /home/hgkumbhare/corpus/nl_file.en /home/hgkumbhare/working/train/model/aligned.grow-diag-final-and /home/hgkumbhare/working/train/model/extract 7 orientation --model wbe-msd --GZOutput 
Executing: /home/hgkumbhare/mosesdecoder/scripts/generic/extract-parallel.perl 4 split "sort    " /home/hgkumbhare/mosesdecoder/scripts/../bin/extract /home/hgkumbhare/corpus/nl_file.en /home/hgkumbhare/corpus/nl_file.en /home/hgkumbhare/working/train/model/aligned.grow-diag-final-and /home/hgkumbhare/working/train/model/extract 7 orientation --model wbe-msd --GZOutput 
MAX 7 1 0
Started Wed Mar 22 16:41:54 2017
using gzip 
isBSDSplit=0 
Executing: mkdir -p /home/hgkumbhare/working/train/model/tmp.10386; ls -l /home/hgkumbhare/working/train/model/tmp.10386 
total=3 line-per-split=1 
split -d -l 1 -a 7 /home/hgkumbhare/corpus/nl_file.en /home/hgkumbhare/working/train/model/tmp.10386/target.split -d -l 1 -a 7 /home/hgkumbhare/corpus/nl_file.en /home/hgkumbhare/working/train/model/tmp.10386/source.split -d -l 1 -a 7 /home/hgkumbhare/working/train/model/aligned.grow-diag-final-and /home/hgkumbhare/working/train/model/tmp.10386/align.merging extract / extract.inv
gunzip -c /home/hgkumbhare/working/train/model/tmp.10386/extract.0000000.gz /home/hgkumbhare/working/train/model/tmp.10386/extract.0000001.gz /home/hgkumbhare/working/train/model/tmp.10386/extract.0000002.gz /home/hgkumbhare/working/train/model/tmp.10386/extract.0000003.gz  | LC_ALL=C sort     -T /home/hgkumbhare/working/train/model/tmp.10386 2>> /dev/stderr | gzip -c > /home/hgkumbhare/working/train/model/extract.sorted.gz 2>> /dev/stderr 
gunzip -c /home/hgkumbhare/working/train/model/tmp.10386/extract.0000000.inv.gz /home/hgkumbhare/working/train/model/tmp.10386/extract.0000001.inv.gz /home/hgkumbhare/working/train/model/tmp.10386/extract.0000002.inv.gz /home/hgkumbhare/working/train/model/tmp.10386/extract.0000003.inv.gz  | LC_ALL=C sort     -T /home/hgkumbhare/working/train/model/tmp.10386 2>> /dev/stderr | gzip -c > /home/hgkumbhare/working/train/model/extract.inv.sorted.gz 2>> /dev/stderr 
gunzip -c /home/hgkumbhare/working/train/model/tmp.10386/extract.0000000.o.gz /home/hgkumbhare/working/train/model/tmp.10386/extract.0000001.o.gz /home/hgkumbhare/working/train/model/tmp.10386/extract.0000002.o.gz /home/hgkumbhare/working/train/model/tmp.10386/extract.0000003.o.gz  | LC_ALL=C sort     -T /home/hgkumbhare/working/train/model/tmp.10386 2>> /dev/stderr | gzip -c > /home/hgkumbhare/working/train/model/extract.o.sorted.gz 2>> /dev/stderr 
gzip: /home/hgkumbhare/working/train/model/tmp.10386/extract.0000003.inv.gz: No such file or directory
gzip: /home/hgkumbhare/working/train/model/tmp.10386/extract.0000003.gz: No such file or directory
gzip: /home/hgkumbhare/working/train/model/tmp.10386/extract.0000003.o.gz: No such file or directory
Finished Wed Mar 22 16:41:54 2017
(6) score phrases @ Wed Mar 22 16:41:54 IST 2017
(6.1)  creating table half /home/hgkumbhare/working/train/model/phrase-table.half.f2e @ Wed Mar 22 16:41:54 IST 2017
/home/hgkumbhare/mosesdecoder/scripts/generic/score-parallel.perl 4 "sort    " /home/hgkumbhare/mosesdecoder/scripts/../bin/score /home/hgkumbhare/working/train/model/extract.sorted.gz /home/hgkumbhare/working/train/model/lex.f2e /home/hgkumbhare/working/train/model/phrase-table.half.f2e.gz  0 
Executing: /home/hgkumbhare/mosesdecoder/scripts/generic/score-parallel.perl 4 "sort    " /home/hgkumbhare/mosesdecoder/scripts/../bin/score /home/hgkumbhare/working/train/model/extract.sorted.gz /home/hgkumbhare/working/train/model/lex.f2e /home/hgkumbhare/working/train/model/phrase-table.half.f2e.gz  0 
using gzip 
Started Wed Mar 22 16:41:54 2017
/home/hgkumbhare/mosesdecoder/scripts/../bin/score /home/hgkumbhare/working/train/model/tmp.10434/extract.0.gz /home/hgkumbhare/working/train/model/lex.f2e /home/hgkumbhare/working/train/model/tmp.10434/phrase-table.half.0000000.gz  2>> /dev/stderr 
/home/hgkumbhare/working/train/model/tmp.10434/run.0.sh/home/hgkumbhare/working/train/model/tmp.10434/run.1.sh/home/hgkumbhare/working/train/model/tmp.10434/run.2.sh/home/hgkumbhare/working/train/model/tmp.10434/run.3.shmv /home/hgkumbhare/working/train/model/tmp.10434/phrase-table.half.0000000.gz /home/hgkumbhare/working/train/model/phrase-table.half.f2e.gzrm -rf /home/hgkumbhare/working/train/model/tmp.10434 
Finished Wed Mar 22 16:41:54 2017
(6.3)  creating table half /home/hgkumbhare/working/train/model/phrase-table.half.e2f @ Wed Mar 22 16:41:54 IST 2017
/home/hgkumbhare/mosesdecoder/scripts/generic/score-parallel.perl 4 "sort    " /home/hgkumbhare/mosesdecoder/scripts/../bin/score /home/hgkumbhare/working/train/model/extract.inv.sorted.gz /home/hgkumbhare/working/train/model/lex.e2f /home/hgkumbhare/working/train/model/phrase-table.half.e2f.gz --Inverse 1 
Executing: /home/hgkumbhare/mosesdecoder/scripts/generic/score-parallel.perl 4 "sort    " /home/hgkumbhare/mosesdecoder/scripts/../bin/score /home/hgkumbhare/working/train/model/extract.inv.sorted.gz /home/hgkumbhare/working/train/model/lex.e2f /home/hgkumbhare/working/train/model/phrase-table.half.e2f.gz --Inverse 1 
using gzip 
Started Wed Mar 22 16:41:54 2017
/home/hgkumbhare/mosesdecoder/scripts/../bin/score /home/hgkumbhare/working/train/model/tmp.10462/extract.0.gz /home/hgkumbhare/working/train/model/lex.e2f /home/hgkumbhare/working/train/model/tmp.10462/phrase-table.half.0000000.gz --Inverse  2>> /dev/stderr 
/home/hgkumbhare/working/train/model/tmp.10462/run.0.sh/home/hgkumbhare/working/train/model/tmp.10462/run.1.sh/home/hgkumbhare/working/train/model/tmp.10462/run.2.sh/home/hgkumbhare/working/train/model/tmp.10462/run.3.shgunzip -c /home/hgkumbhare/working/train/model/tmp.10462/phrase-table.half.*.gz 2>> /dev/stderr| LC_ALL=C sort     -T /home/hgkumbhare/working/train/model/tmp.10462  | gzip -c > /home/hgkumbhare/working/train/model/phrase-table.half.e2f.gz  2>> /dev/stderr rm -rf /home/hgkumbhare/working/train/model/tmp.10462 
Finished Wed Mar 22 16:41:55 2017
(6.6) consolidating the two halves @ Wed Mar 22 16:41:55 IST 2017
Executing: /home/hgkumbhare/mosesdecoder/scripts/../bin/consolidate /home/hgkumbhare/working/train/model/phrase-table.half.f2e.gz /home/hgkumbhare/working/train/model/phrase-table.half.e2f.gz /dev/stdout | gzip -c > /home/hgkumbhare/working/train/model/phrase-table.gz
Consolidate v2.0 written by Philipp Koehn
consolidating direct and indirect rule tables

Executing: rm -f /home/hgkumbhare/working/train/model/phrase-table.half.*
(7) learn reordering model @ Wed Mar 22 16:41:55 IST 2017
(7.1) [no factors] learn reordering model @ Wed Mar 22 16:41:55 IST 2017
(7.2) building tables @ Wed Mar 22 16:41:55 IST 2017
Executing: /home/hgkumbhare/mosesdecoder/scripts/../bin/lexical-reordering-score /home/hgkumbhare/working/train/model/extract.o.sorted.gz 0.5 /home/hgkumbhare/working/train/model/reordering-table. --model "wbe msd wbe-msd-bidirectional-fe"
Lexical Reordering Scorer
scores lexical reordering models of several types (hierarchical, phrase-based and word-based-extraction
(8) learn generation model @ Wed Mar 22 16:41:55 IST 2017
  no generation model requested, skipping step
(9) create moses.ini @ Wed Mar 22 16:41:55 IST 2017
