each operating company must have at least one insurer.
may that has a rental is open only if an estimated rental price of the rental is provisionally charged to a credit card that is in the name of the renter who is responsible for the rental.
a rental must an estimated rental price of an open rental is provisionally charged to a credit card that is in the name of the renter who is responsible for the rental.
a rental is open only if an estimated rental price of the rental is not provisionally charged to a credit card that is in the name of the renter who is responsible for the rental.
if an estimated rental price of a rental is provisionally charged to a credit card that is in the name of the renter who is responsible for the rental then the rental is open.
a rental must an estimated rental price of an open rental is provisionally charged to a credit card that is in the name of the renter who is responsible for the rental.
a rental must a credit card that is in the name of the renter who is responsible for an open rental is provisionally charged for an estimated rental price of the rental.
if the renter who is responsible for a rental requests a price conversion for the rental then the rental price of the rental is converted to the currency of the price conversion.
the rental price of a rental is converted to the currency of a price conversion that is requested by the renter who is responsible for the rental.
a rental is open only if each driver who is authorized for the rental is not barred.
a rental is open only if each driver who is authorized for the rental is not barred.
a rental is open only if each driver who is authorized for the rental is not barred.
a rental is open only if each driver who is authorized for the rental is not barred.
a rental is open only if each driver who is authorized for the rental is not barred.
the moved car that is included in a car movement is included in the car group that is claimed by the car movement.
the country that contains the eu-rent site that is location of the receiving branch of each inward international car movement must be the country of registration of the moved car is included in the car movement.
at the drop-off date-time of an in-country car movement the local area that manages the receiving branch that is included in the car movement becomes the rental car owner of the moved car that is included in the car movement.
the rented car of an assigned rental is stored at the pick-up branch of the rental.
the rented car of an assigned rental is stored at the pick-up branch of the rental.
the contract number that is included in a request for pick-up reference an advance rental that has a pick-up branch that is the branch at which the request for pick-up is made and a scheduled pick-up date-time that is included in the current day.
at the actual pick-up date-time of a rental must that the renter who is responsible for the rental is named on the credit card that is provisionally charged for the estimated rental price of the rental.
at the actual pick-up date-time of a rental must each driver who is authorized for the rental has a driver license that is valid for the rental.
at the actual pick-up date-time of a rental must that the fuel level of the rented car of the rental is full.
at the actual pick-up date-time of a rental must that the fuel level of the rented car of the rental is full.
