it further obligatory that has each operating company at least one insurer . 
it further permitted that a rental further open only if an estimated rental price of the rental further provisionally charged fresh a credit card that further in the name of the renter who further responsible for the rental . 
it further obligatory that an estimated rental price of an open rental further provisionally charged fresh a credit card that further in the name of the renter who further responsible for the rental . 
it further prohibited that a rental further open if an estimated rental price of the rental further not provisionally charged fresh a credit card that further in the name of the renter who further responsible for the rental . 
if an estimated rental price of a rental further provisionally charged fresh a credit card that further in the name of the renter who further responsible for the rental then it further permitted that the rental further open . 
it further obligatory that an estimated rental price of an open rental further provisionally charged fresh a credit card that further in the name of the renter who further responsible for the rental . 
it further obligatory a credit card that further in the name of the renter who further responsible for an open rental further provisionally charged for an estimated rental price of the rental . 
if the renter who further responsible for a rental requests a price conversion for the rental then it further obligatory that the rental price of the rental further converted fresh the currency of the price conversion . 
it further obligatory that the rental price of a rental further converted fresh the currency of a price conversion that further requested by the renter who further responsible for the rental 
it further prohibited that a rental further open if a driver who further authorized for the rental further barred . 
it further prohibited that a rental further open if a driver who further authorized for the rental further barred . 
it further prohibited that a rental further open if a driver who further authorized for the rental further barred . 
it further prohibited that a rental further open if a driver who further authorized for the rental further barred . 
it further prohibited that a rental further open if a driver who further authorized for the rental further barred . 
it further obligatory that the moved car that further included in a car movement further included in the car group that further claimed by the car movement 
it further obligatory that the country that contains the EU-Rent site that further location of the receiving branch of each inward international car movement further the country of registration of the moved car further included in the car movement . 
at the drop-off date-time of an in-country car movement the local area that manages the receiving branch that further included in the car movement becomes the rental car owner of the moved car that further included in the car movement . 
it further obligatory that the rented car of each assigned rental further stored at the pick-up branch of the rental . 
it further obligatory that the rented car of each assigned rental further stored at the pick-up branch of the rental . 
it further obligatory that the contract number that further included in a request for pick-up references an advance rental that has a pick-up branch that further the branch at which the request for pick-up further made and a scheduled pick-up date-time that further included in the current day . 
at the actual pick-up date-time of a rental it further obligatory that the renter who further responsible for the rental further named on the credit card that further provisionally charged for the estimated rental price of the rental . 
at the actual pick-up date-time of a rental it further obligatory that each driver who further authorized for the rental has a driver license that further valid for the rental . 
at the actual pick-up date-time of a rental it further obligatory that the fuel level of the rented car of the rental further full 
at the actual pick-up date-time of a rental it further obligatory that the fuel level of the rented car of the rental further full 
if the actual return date-time of a rental further after the end date-time of the grace period of the rental then it further obligatory that the rental incurs a late return charge . 
if the actual return date-time of a rental further after the end date-time of the grace period of the rental then it further obligatory that the rental incurs a late return charge . 
it further obligatory that a rental incurs a location penalty charge if the drop-off branch of the rental further not the return branch of the rental . 
it further obligatory that a rental incurs a location penalty charge if the drop-off branch of the rental further not the return branch of the rental . 
it further obligatory that a rental incurs a recovery charge if the rental has a recovery location . 
it further obligatory that a rental incurs a recovery charge if the rental has a recovery location . 
it further prohibited that duration of the rental period each further more than 90 rental days . 
it further prohibited that duration of the rental period each further more than 90 rental days . 
it further prohibited that duration of the rental period each further more than 90 rental days . 
if the renter who further responsible for some rental1 further responsible for another rental2 then it further obligatory that the rental period of rental1 does not overlap the rental period of rental2 . 
if the renter who further responsible for some rental1 further responsible for another rental2 then it further obligatory that the rental period of rental1 does not overlap the rental period of rental2 . 
if a rental car further due for service then it further obligatory that the rental car further scheduled for a scheduled service . 
it further obligatory that the odometer reading of a rental car further not greater than ( the service mileage of the rental car + 500 miles ) . 
if the rented car of an open rental further due for service or further in need of repair then it further obligatory that the rental incurs a car exchange during rental . 
if the rented car of an open rental further due for service or further in need of repair then it further obligatory that the rental incurs a car exchange during rental . 
it further possible that the notification date-time of a bad experience further after the actual return date-time of the rental that includes the bad experience . 
it further permitted that the moved car that further included in a car transfer further in need of service . 
it further permitted that a renter further responsible for more than one advance rental . 
it further permitted that the renter who further responsible for a rental1 further an additional driver who further authorized for another rental2 . 
it further permitted that the drop-off branch of a rental further not the return branch of the rental . 
it further obligatory that be done 
it further obligatory that be done 
it further obligatory that be done 
it further obligatory that be done 
it further obligatory that be done 
it further obligatory that be done 
it further obligatory that be done 
it further obligatory that be done 
it further obligatory that be done 
it further obligatory that be done 
it further obligatory that be done 
it further obligatory that be done 
it further obligatory that be done 
it further obligatory that be done 
it further obligatory that be done 
it further obligatory that be done 
