shard_size = 0 shard_count = 0
Seeding random numbers with system clock 
name: case value: true
Data::m_score_type BLEU
Data::Scorer type from Scorer: BLEU
Loading Data from: run1.scores.dat and run1.features.dat
loading feature data from run1.features.dat
loading score data from run1.scores.dat
Loading Data from: run2.scores.dat and run2.features.dat
loading feature data from run2.features.dat
loading score data from run2.scores.dat
Loading Data from: run3.scores.dat and run3.features.dat
loading feature data from run3.features.dat
loading score data from run3.scores.dat
Loading Data from: run4.scores.dat and run4.features.dat
loading feature data from run4.features.dat
loading score data from run4.scores.dat
Data loaded : [Wall 0.085837 CPU 0.086918] seconds.
Creating a pool of 1 threads
Best point: 0.0189408 0.0410712 0.00934342 -0.658079 0.0151446 0.0543263 0.00773548 0.00672969 0.0247442 0.00814191 0.0482556 0.0467421 0.0155178 0.0452276  => 0.51442
Stopping... : [Wall 1.06806 CPU 1.06756] seconds.
