shard_size = 0 shard_count = 0
Seeding random numbers with system clock 
name: case value: true
Data::m_score_type BLEU
Data::Scorer type from Scorer: BLEU
Loading Data from: run1.scores.dat and run1.features.dat
loading feature data from run1.features.dat
loading score data from run1.scores.dat
Loading Data from: run2.scores.dat and run2.features.dat
loading feature data from run2.features.dat
loading score data from run2.scores.dat
Loading Data from: run3.scores.dat and run3.features.dat
loading feature data from run3.features.dat
loading score data from run3.scores.dat
Loading Data from: run4.scores.dat and run4.features.dat
loading feature data from run4.features.dat
loading score data from run4.scores.dat
Loading Data from: run5.scores.dat and run5.features.dat
loading feature data from run5.features.dat
loading score data from run5.scores.dat
Data loaded : [Wall 0.123442 CPU 0.122958] seconds.
Creating a pool of 1 threads
Best point: -0.82823 0.000656772 0.00166491 0.00307489 0.0012001 0.0349145 0.00230785 0.0172448 0.0135997 0.00102216 0.0360892 7.51737e-05 0.026826 0.0330945  => 0.514857
Stopping... : [Wall 1.60544 CPU 1.60314] seconds.
